mode: set
github.com/ramayac/korego/pkg/cat/cat.go:35.29,36.9 1 1
github.com/ramayac/korego/pkg/cat/cat.go:37.30,38.19 1 1
github.com/ramayac/korego/pkg/cat/cat.go:39.16,40.30 1 1
github.com/ramayac/korego/pkg/cat/cat.go:41.17,42.14 1 1
github.com/ramayac/korego/pkg/cat/cat.go:43.17,46.22 3 1
github.com/ramayac/korego/pkg/cat/cat.go:46.22,48.4 1 1
github.com/ramayac/korego/pkg/cat/cat.go:49.3,49.26 1 1
github.com/ramayac/korego/pkg/cat/cat.go:50.10,51.19 1 1
github.com/ramayac/korego/pkg/cat/cat.go:56.48,58.33 2 1
github.com/ramayac/korego/pkg/cat/cat.go:58.33,60.3 1 1
github.com/ramayac/korego/pkg/cat/cat.go:61.2,61.13 1 1
github.com/ramayac/korego/pkg/cat/cat.go:61.13,63.3 1 1
github.com/ramayac/korego/pkg/cat/cat.go:64.2,64.21 1 1
github.com/ramayac/korego/pkg/cat/cat.go:69.100,75.21 5 1
github.com/ramayac/korego/pkg/cat/cat.go:75.21,79.43 3 1
github.com/ramayac/korego/pkg/cat/cat.go:79.43,80.12 1 1
github.com/ramayac/korego/pkg/cat/cat.go:82.3,85.16 3 1
github.com/ramayac/korego/pkg/cat/cat.go:85.16,88.4 2 1
github.com/ramayac/korego/pkg/cat/cat.go:88.9,88.40 1 1
github.com/ramayac/korego/pkg/cat/cat.go:88.40,91.4 2 1
github.com/ramayac/korego/pkg/cat/cat.go:93.3,95.29 3 1
github.com/ramayac/korego/pkg/cat/cat.go:97.2,97.29 1 1
github.com/ramayac/korego/pkg/cat/cat.go:100.44,102.16 2 0
github.com/ramayac/korego/pkg/cat/cat.go:102.16,105.3 2 0
github.com/ramayac/korego/pkg/cat/cat.go:106.2,115.47 8 0
github.com/ramayac/korego/pkg/cat/cat.go:115.47,117.3 1 0
github.com/ramayac/korego/pkg/cat/cat.go:118.2,118.40 1 0
github.com/ramayac/korego/pkg/cat/cat.go:118.40,119.18 1 0
github.com/ramayac/korego/pkg/cat/cat.go:119.18,121.12 2 0
github.com/ramayac/korego/pkg/cat/cat.go:123.3,124.17 2 0
github.com/ramayac/korego/pkg/cat/cat.go:124.17,127.4 2 0
github.com/ramayac/korego/pkg/cat/cat.go:128.3,129.31 2 0
github.com/ramayac/korego/pkg/cat/cat.go:132.2,132.14 1 0
github.com/ramayac/korego/pkg/cat/cat.go:132.14,134.29 2 0
github.com/ramayac/korego/pkg/cat/cat.go:134.29,136.18 2 0
github.com/ramayac/korego/pkg/cat/cat.go:136.18,139.5 2 0
github.com/ramayac/korego/pkg/cat/cat.go:140.4,140.41 1 0
github.com/ramayac/korego/pkg/cat/cat.go:142.3,142.96 1 0
github.com/ramayac/korego/pkg/cat/cat.go:142.97,142.98 0 0
github.com/ramayac/korego/pkg/cat/cat.go:143.3,143.11 1 0
github.com/ramayac/korego/pkg/cat/cat.go:146.2,146.85 1 0
github.com/ramayac/korego/pkg/cat/cat.go:146.85,147.29 1 0
github.com/ramayac/korego/pkg/cat/cat.go:147.29,148.51 1 0
github.com/ramayac/korego/pkg/cat/cat.go:148.51,151.5 2 0
github.com/ramayac/korego/pkg/cat/cat.go:153.3,153.11 1 0
github.com/ramayac/korego/pkg/cat/cat.go:157.2,157.33 1 0
github.com/ramayac/korego/pkg/cat/cat.go:157.33,159.3 1 0
github.com/ramayac/korego/pkg/cat/cat.go:161.2,161.28 1 0
github.com/ramayac/korego/pkg/cat/cat.go:161.28,162.87 1 0
github.com/ramayac/korego/pkg/cat/cat.go:162.87,165.4 2 0
github.com/ramayac/korego/pkg/cat/cat.go:167.2,167.10 1 0
github.com/ramayac/korego/pkg/cat/cat.go:171.85,173.28 2 0
github.com/ramayac/korego/pkg/cat/cat.go:173.28,175.22 2 0
github.com/ramayac/korego/pkg/cat/cat.go:175.22,177.13 2 0
github.com/ramayac/korego/pkg/cat/cat.go:177.13,179.5 1 0
github.com/ramayac/korego/pkg/cat/cat.go:179.10,179.23 1 0
github.com/ramayac/korego/pkg/cat/cat.go:179.23,181.5 1 0
github.com/ramayac/korego/pkg/cat/cat.go:182.4,183.37 2 0
github.com/ramayac/korego/pkg/cat/cat.go:185.3,185.39 1 0
github.com/ramayac/korego/pkg/cat/cat.go:185.39,188.4 2 0
github.com/ramayac/korego/pkg/cat/cat.go:190.2,190.14 1 0
github.com/ramayac/korego/pkg/cat/cat.go:190.14,191.96 1 0
github.com/ramayac/korego/pkg/cat/cat.go:191.97,191.98 0 0
github.com/ramayac/korego/pkg/cat/cat.go:193.2,193.10 1 0
github.com/ramayac/korego/pkg/cat/cat.go:196.13,202.2 1 1
github.com/ramayac/korego/pkg/chmod/chmod.go:29.44,31.16 2 1
github.com/ramayac/korego/pkg/chmod/chmod.go:31.16,34.3 2 0
github.com/ramayac/korego/pkg/chmod/chmod.go:36.2,36.31 1 1
github.com/ramayac/korego/pkg/chmod/chmod.go:36.31,39.3 2 1
github.com/ramayac/korego/pkg/chmod/chmod.go:41.2,43.16 3 1
github.com/ramayac/korego/pkg/chmod/chmod.go:43.16,46.3 2 0
github.com/ramayac/korego/pkg/chmod/chmod.go:47.2,52.44 4 1
github.com/ramayac/korego/pkg/chmod/chmod.go:52.44,54.17 2 1
github.com/ramayac/korego/pkg/chmod/chmod.go:54.17,57.4 2 0
github.com/ramayac/korego/pkg/chmod/chmod.go:57.9,62.4 1 1
github.com/ramayac/korego/pkg/chmod/chmod.go:65.2,65.20 1 1
github.com/ramayac/korego/pkg/chmod/chmod.go:65.20,66.69 1 1
github.com/ramayac/korego/pkg/chmod/chmod.go:66.70,66.71 0 0
github.com/ramayac/korego/pkg/chmod/chmod.go:69.2,69.17 1 1
github.com/ramayac/korego/pkg/chmod/chmod.go:72.13,74.2 1 1
github.com/ramayac/korego/pkg/chgrp/chgrp.go:28.44,30.16 2 1
github.com/ramayac/korego/pkg/chgrp/chgrp.go:30.16,33.3 2 0
github.com/ramayac/korego/pkg/chgrp/chgrp.go:35.2,35.31 1 1
github.com/ramayac/korego/pkg/chgrp/chgrp.go:35.31,38.3 2 1
github.com/ramayac/korego/pkg/chgrp/chgrp.go:40.2,42.16 3 1
github.com/ramayac/korego/pkg/chgrp/chgrp.go:42.16,45.3 2 0
github.com/ramayac/korego/pkg/chgrp/chgrp.go:47.2,50.44 3 1
github.com/ramayac/korego/pkg/chgrp/chgrp.go:50.44,52.17 2 1
github.com/ramayac/korego/pkg/chgrp/chgrp.go:52.17,55.4 2 1
github.com/ramayac/korego/pkg/chgrp/chgrp.go:55.9,57.4 1 0
github.com/ramayac/korego/pkg/chgrp/chgrp.go:60.2,60.20 1 1
github.com/ramayac/korego/pkg/chgrp/chgrp.go:60.20,61.69 1 1
github.com/ramayac/korego/pkg/chgrp/chgrp.go:61.70,61.71 0 0
github.com/ramayac/korego/pkg/chgrp/chgrp.go:64.2,64.17 1 1
github.com/ramayac/korego/pkg/chgrp/chgrp.go:67.13,69.2 1 1
github.com/ramayac/korego/pkg/date/date.go:27.44,29.16 2 1
github.com/ramayac/korego/pkg/date/date.go:29.16,32.3 2 0
github.com/ramayac/korego/pkg/date/date.go:34.2,35.20 2 1
github.com/ramayac/korego/pkg/date/date.go:35.20,37.3 1 1
github.com/ramayac/korego/pkg/date/date.go:39.2,49.52 4 1
github.com/ramayac/korego/pkg/date/date.go:49.52,52.3 1 1
github.com/ramayac/korego/pkg/date/date.go:54.2,54.10 1 1
github.com/ramayac/korego/pkg/date/date.go:57.13,59.2 1 1
github.com/ramayac/korego/pkg/df/df.go:28.44,30.16 2 1
github.com/ramayac/korego/pkg/df/df.go:30.16,33.3 2 0
github.com/ramayac/korego/pkg/df/df.go:35.2,36.31 2 1
github.com/ramayac/korego/pkg/df/df.go:36.31,38.3 1 1
github.com/ramayac/korego/pkg/df/df.go:40.2,41.52 2 1
github.com/ramayac/korego/pkg/df/df.go:41.52,44.3 2 0
github.com/ramayac/korego/pkg/df/df.go:46.2,61.60 7 1
github.com/ramayac/korego/pkg/df/df.go:61.60,63.12 2 1
github.com/ramayac/korego/pkg/df/df.go:63.12,65.4 1 0
github.com/ramayac/korego/pkg/df/df.go:65.9,67.4 1 1
github.com/ramayac/korego/pkg/df/df.go:70.2,70.10 1 1
github.com/ramayac/korego/pkg/df/df.go:73.13,75.2 1 1
github.com/ramayac/korego/pkg/chown/chown.go:29.44,31.16 2 1
github.com/ramayac/korego/pkg/chown/chown.go:31.16,34.3 2 0
github.com/ramayac/korego/pkg/chown/chown.go:36.2,36.31 1 1
github.com/ramayac/korego/pkg/chown/chown.go:36.31,39.3 2 1
github.com/ramayac/korego/pkg/chown/chown.go:41.2,47.20 5 1
github.com/ramayac/korego/pkg/chown/chown.go:47.20,48.53 1 1
github.com/ramayac/korego/pkg/chown/chown.go:48.53,50.4 1 1
github.com/ramayac/korego/pkg/chown/chown.go:52.2,52.38 1 1
github.com/ramayac/korego/pkg/chown/chown.go:52.38,53.53 1 1
github.com/ramayac/korego/pkg/chown/chown.go:53.53,55.4 1 1
github.com/ramayac/korego/pkg/chown/chown.go:58.2,61.44 3 1
github.com/ramayac/korego/pkg/chown/chown.go:61.44,63.17 2 1
github.com/ramayac/korego/pkg/chown/chown.go:63.17,66.4 2 1
github.com/ramayac/korego/pkg/chown/chown.go:66.9,68.4 1 0
github.com/ramayac/korego/pkg/chown/chown.go:71.2,71.20 1 1
github.com/ramayac/korego/pkg/chown/chown.go:71.20,72.69 1 1
github.com/ramayac/korego/pkg/chown/chown.go:72.70,72.71 0 0
github.com/ramayac/korego/pkg/chown/chown.go:75.2,75.17 1 1
github.com/ramayac/korego/pkg/chown/chown.go:78.13,80.2 1 1
github.com/ramayac/korego/pkg/dirname/dirname.go:26.37,28.2 1 1
github.com/ramayac/korego/pkg/dirname/dirname.go:30.44,32.16 2 0
github.com/ramayac/korego/pkg/dirname/dirname.go:32.16,35.3 2 0
github.com/ramayac/korego/pkg/dirname/dirname.go:36.2,36.32 1 0
github.com/ramayac/korego/pkg/dirname/dirname.go:36.32,39.3 2 0
github.com/ramayac/korego/pkg/dirname/dirname.go:40.2,42.57 3 0
github.com/ramayac/korego/pkg/dirname/dirname.go:42.57,44.3 1 0
github.com/ramayac/korego/pkg/dirname/dirname.go:45.2,45.10 1 0
github.com/ramayac/korego/pkg/dirname/dirname.go:48.13,50.2 1 1
github.com/ramayac/korego/pkg/basename/basename.go:27.46,29.18 2 1
github.com/ramayac/korego/pkg/basename/basename.go:29.18,31.3 1 1
github.com/ramayac/korego/pkg/basename/basename.go:32.2,32.37 1 1
github.com/ramayac/korego/pkg/basename/basename.go:35.44,37.16 2 0
github.com/ramayac/korego/pkg/basename/basename.go:37.16,40.3 2 0
github.com/ramayac/korego/pkg/basename/basename.go:41.2,41.32 1 0
github.com/ramayac/korego/pkg/basename/basename.go:41.32,44.3 2 0
github.com/ramayac/korego/pkg/basename/basename.go:45.2,48.32 4 0
github.com/ramayac/korego/pkg/basename/basename.go:48.32,50.3 1 0
github.com/ramayac/korego/pkg/basename/basename.go:51.2,52.58 2 0
github.com/ramayac/korego/pkg/basename/basename.go:52.58,54.3 1 0
github.com/ramayac/korego/pkg/basename/basename.go:55.2,55.10 1 0
github.com/ramayac/korego/pkg/basename/basename.go:58.13,60.2 1 1
github.com/ramayac/korego/pkg/env/env.go:28.57,31.16 2 1
github.com/ramayac/korego/pkg/env/env.go:31.16,32.34 1 1
github.com/ramayac/korego/pkg/env/env.go:32.34,34.23 2 1
github.com/ramayac/korego/pkg/env/env.go:34.23,36.5 1 1
github.com/ramayac/korego/pkg/env/env.go:40.2,40.31 1 1
github.com/ramayac/korego/pkg/env/env.go:40.31,41.31 1 1
github.com/ramayac/korego/pkg/env/env.go:41.31,44.4 2 1
github.com/ramayac/korego/pkg/env/env.go:46.2,46.30 1 1
github.com/ramayac/korego/pkg/env/env.go:49.44,51.16 2 0
github.com/ramayac/korego/pkg/env/env.go:51.16,54.3 2 0
github.com/ramayac/korego/pkg/env/env.go:55.2,59.53 4 0
github.com/ramayac/korego/pkg/env/env.go:59.53,60.33 1 0
github.com/ramayac/korego/pkg/env/env.go:60.33,62.4 1 0
github.com/ramayac/korego/pkg/env/env.go:64.2,64.10 1 0
github.com/ramayac/korego/pkg/env/env.go:67.13,73.2 1 1
github.com/ramayac/korego/pkg/du/du.go:28.44,30.16 2 1
github.com/ramayac/korego/pkg/du/du.go:30.16,33.3 2 0
github.com/ramayac/korego/pkg/du/du.go:35.2,36.21 2 1
github.com/ramayac/korego/pkg/du/du.go:36.21,38.3 1 0
github.com/ramayac/korego/pkg/du/du.go:40.2,43.29 3 1
github.com/ramayac/korego/pkg/du/du.go:43.29,47.80 3 1
github.com/ramayac/korego/pkg/du/du.go:47.80,48.18 1 1
github.com/ramayac/korego/pkg/du/du.go:48.18,52.5 3 0
github.com/ramayac/korego/pkg/du/du.go:53.4,54.18 2 1
github.com/ramayac/korego/pkg/du/du.go:54.18,56.5 1 0
github.com/ramayac/korego/pkg/du/du.go:57.4,59.14 3 1
github.com/ramayac/korego/pkg/du/du.go:62.3,62.17 1 1
github.com/ramayac/korego/pkg/du/du.go:62.17,64.4 1 0
github.com/ramayac/korego/pkg/du/du.go:66.3,70.5 1 1
github.com/ramayac/korego/pkg/du/du.go:73.2,76.53 3 1
github.com/ramayac/korego/pkg/du/du.go:76.53,77.29 1 1
github.com/ramayac/korego/pkg/du/du.go:77.29,78.13 1 1
github.com/ramayac/korego/pkg/du/du.go:78.13,80.5 1 0
github.com/ramayac/korego/pkg/du/du.go:80.10,82.5 1 1
github.com/ramayac/korego/pkg/du/du.go:86.2,86.17 1 1
github.com/ramayac/korego/pkg/du/du.go:89.13,91.2 1 1
github.com/ramayac/korego/pkg/common/flags.go:36.36,36.52 1 0
github.com/ramayac/korego/pkg/common/flags.go:54.36,61.2 1 1
github.com/ramayac/korego/pkg/common/flags.go:64.45,66.2 1 1
github.com/ramayac/korego/pkg/common/flags.go:69.47,71.2 1 1
github.com/ramayac/korego/pkg/common/flags.go:74.52,76.2 1 0
github.com/ramayac/korego/pkg/common/flags.go:80.69,84.30 3 1
github.com/ramayac/korego/pkg/common/flags.go:84.30,85.20 1 1
github.com/ramayac/korego/pkg/common/flags.go:85.20,87.4 1 1
github.com/ramayac/korego/pkg/common/flags.go:88.3,88.19 1 1
github.com/ramayac/korego/pkg/common/flags.go:88.19,90.4 1 1
github.com/ramayac/korego/pkg/common/flags.go:93.2,95.20 3 1
github.com/ramayac/korego/pkg/common/flags.go:95.20,99.18 2 1
github.com/ramayac/korego/pkg/common/flags.go:99.18,101.9 2 1
github.com/ramayac/korego/pkg/common/flags.go:105.3,105.17 1 1
github.com/ramayac/korego/pkg/common/flags.go:105.17,109.12 4 1
github.com/ramayac/korego/pkg/common/flags.go:113.3,113.35 1 1
github.com/ramayac/korego/pkg/common/flags.go:113.35,117.54 4 1
github.com/ramayac/korego/pkg/common/flags.go:117.54,121.5 3 1
github.com/ramayac/korego/pkg/common/flags.go:122.4,123.11 2 1
github.com/ramayac/korego/pkg/common/flags.go:123.11,125.5 1 1
github.com/ramayac/korego/pkg/common/flags.go:127.4,127.62 1 1
github.com/ramayac/korego/pkg/common/flags.go:127.62,128.15 1 1
github.com/ramayac/korego/pkg/common/flags.go:128.15,129.39 1 1
github.com/ramayac/korego/pkg/common/flags.go:129.39,131.7 1 0
github.com/ramayac/korego/pkg/common/flags.go:131.12,133.27 1 1
github.com/ramayac/korego/pkg/common/flags.go:133.27,135.8 1 0
github.com/ramayac/korego/pkg/common/flags.go:136.7,137.22 2 1
github.com/ramayac/korego/pkg/common/flags.go:140.5,140.24 1 1
github.com/ramayac/korego/pkg/common/flags.go:140.24,144.6 3 1
github.com/ramayac/korego/pkg/common/flags.go:145.5,147.27 3 1
github.com/ramayac/korego/pkg/common/flags.go:148.10,149.24 1 1
github.com/ramayac/korego/pkg/common/flags.go:149.24,152.6 2 1
github.com/ramayac/korego/pkg/common/flags.go:153.5,154.22 2 1
github.com/ramayac/korego/pkg/common/flags.go:156.4,157.12 2 1
github.com/ramayac/korego/pkg/common/flags.go:161.3,161.50 1 1
github.com/ramayac/korego/pkg/common/flags.go:161.50,163.30 2 1
github.com/ramayac/korego/pkg/common/flags.go:163.30,166.12 3 1
github.com/ramayac/korego/pkg/common/flags.go:166.12,168.6 1 1
github.com/ramayac/korego/pkg/common/flags.go:169.5,169.63 1 1
github.com/ramayac/korego/pkg/common/flags.go:169.63,172.25 2 1
github.com/ramayac/korego/pkg/common/flags.go:172.25,175.25 3 1
github.com/ramayac/korego/pkg/common/flags.go:175.25,178.8 2 1
github.com/ramayac/korego/pkg/common/flags.go:179.12,180.40 1 0
github.com/ramayac/korego/pkg/common/flags.go:180.40,183.26 3 0
github.com/ramayac/korego/pkg/common/flags.go:183.26,186.9 2 0
github.com/ramayac/korego/pkg/common/flags.go:187.13,188.28 1 0
github.com/ramayac/korego/pkg/common/flags.go:188.28,190.9 1 0
github.com/ramayac/korego/pkg/common/flags.go:191.8,194.26 4 0
github.com/ramayac/korego/pkg/common/flags.go:194.26,197.9 2 0
github.com/ramayac/korego/pkg/common/flags.go:200.6,201.24 2 1
github.com/ramayac/korego/pkg/common/flags.go:201.24,203.7 1 1
github.com/ramayac/korego/pkg/common/flags.go:204.6,204.11 1 1
github.com/ramayac/korego/pkg/common/flags.go:206.5,208.23 3 1
github.com/ramayac/korego/pkg/common/flags.go:208.23,211.6 2 1
github.com/ramayac/korego/pkg/common/flags.go:213.4,214.12 2 1
github.com/ramayac/korego/pkg/common/flags.go:218.3,219.6 2 1
github.com/ramayac/korego/pkg/common/flags.go:222.2,222.17 1 1
github.com/ramayac/korego/pkg/common/io.go:15.59,16.26 1 0
github.com/ramayac/korego/pkg/common/io.go:16.26,18.3 1 0
github.com/ramayac/korego/pkg/common/io.go:19.2,19.32 1 0
github.com/ramayac/korego/pkg/common/io.go:19.32,23.17 4 0
github.com/ramayac/korego/pkg/common/io.go:23.17,25.4 1 0
github.com/ramayac/korego/pkg/common/io.go:26.3,26.16 1 0
github.com/ramayac/korego/pkg/common/io.go:28.2,30.15 3 0
github.com/ramayac/korego/pkg/common/jsonrpc.go:46.89,48.19 2 1
github.com/ramayac/korego/pkg/common/jsonrpc.go:48.19,50.17 2 1
github.com/ramayac/korego/pkg/common/jsonrpc.go:50.17,52.4 1 0
github.com/ramayac/korego/pkg/common/jsonrpc.go:53.3,53.10 1 1
github.com/ramayac/korego/pkg/common/jsonrpc.go:55.2,60.8 1 1
github.com/ramayac/korego/pkg/common/jsonrpc.go:64.65,66.2 1 1
github.com/ramayac/korego/pkg/common/jsonrpc.go:69.78,75.2 1 1
github.com/ramayac/korego/pkg/common/output.go:31.92,32.14 1 1
github.com/ramayac/korego/pkg/common/output.go:32.14,44.3 4 1
github.com/ramayac/korego/pkg/common/output.go:44.8,46.3 1 1
github.com/ramayac/korego/pkg/common/output.go:51.103,52.15 1 1
github.com/ramayac/korego/pkg/common/output.go:52.15,54.3 1 1
github.com/ramayac/korego/pkg/common/output.go:55.2,68.21 4 1
github.com/ramayac/korego/pkg/common/security.go:12.57,13.19 1 1
github.com/ramayac/korego/pkg/common/security.go:13.19,15.3 1 0
github.com/ramayac/korego/pkg/common/security.go:17.2,18.16 2 1
github.com/ramayac/korego/pkg/common/security.go:18.16,20.3 1 0
github.com/ramayac/korego/pkg/common/security.go:21.2,24.28 3 1
github.com/ramayac/korego/pkg/common/security.go:24.28,26.3 1 1
github.com/ramayac/korego/pkg/common/security.go:26.8,28.3 1 1
github.com/ramayac/korego/pkg/common/security.go:31.2,31.68 1 1
github.com/ramayac/korego/pkg/common/security.go:31.68,33.3 1 1
github.com/ramayac/korego/pkg/common/security.go:35.2,36.64 2 1
github.com/ramayac/korego/pkg/common/security.go:36.64,38.3 1 1
github.com/ramayac/korego/pkg/common/security.go:40.2,41.67 2 1
github.com/ramayac/korego/pkg/common/security.go:41.67,43.3 1 1
github.com/ramayac/korego/pkg/common/security.go:45.2,45.75 1 1
github.com/ramayac/korego/pkg/common/security.go:45.75,47.3 1 1
github.com/ramayac/korego/pkg/common/security.go:49.2,49.23 1 1
github.com/ramayac/korego/pkg/grep/grep.go:51.136,56.21 4 1
github.com/ramayac/korego/pkg/grep/grep.go:56.21,63.12 5 1
github.com/ramayac/korego/pkg/grep/grep.go:63.12,64.38 1 1
github.com/ramayac/korego/pkg/grep/grep.go:64.38,66.19 2 1
github.com/ramayac/korego/pkg/grep/grep.go:66.19,68.6 1 0
github.com/ramayac/korego/pkg/grep/grep.go:68.11,70.6 1 1
github.com/ramayac/korego/pkg/grep/grep.go:71.5,71.14 1 1
github.com/ramayac/korego/pkg/grep/grep.go:71.14,73.17 2 1
github.com/ramayac/korego/pkg/grep/grep.go:73.17,75.7 1 1
github.com/ramayac/korego/pkg/grep/grep.go:78.9,78.23 1 1
github.com/ramayac/korego/pkg/grep/grep.go:78.23,79.18 1 1
github.com/ramayac/korego/pkg/grep/grep.go:79.18,81.5 1 0
github.com/ramayac/korego/pkg/grep/grep.go:81.10,83.30 2 1
github.com/ramayac/korego/pkg/grep/grep.go:83.30,84.19 1 1
github.com/ramayac/korego/pkg/grep/grep.go:84.19,86.7 1 1
github.com/ramayac/korego/pkg/grep/grep.go:88.5,88.31 1 1
github.com/ramayac/korego/pkg/grep/grep.go:92.3,92.13 1 1
github.com/ramayac/korego/pkg/grep/grep.go:92.13,95.4 2 1
github.com/ramayac/korego/pkg/grep/grep.go:97.3,97.17 1 1
github.com/ramayac/korego/pkg/grep/grep.go:97.17,104.4 1 1
github.com/ramayac/korego/pkg/grep/grep.go:106.2,106.31 1 1
github.com/ramayac/korego/pkg/grep/grep.go:109.44,111.16 2 0
github.com/ramayac/korego/pkg/grep/grep.go:111.16,114.3 2 0
github.com/ramayac/korego/pkg/grep/grep.go:116.2,124.38 7 0
github.com/ramayac/korego/pkg/grep/grep.go:124.38,126.3 1 0
github.com/ramayac/korego/pkg/grep/grep.go:126.8,126.38 1 0
github.com/ramayac/korego/pkg/grep/grep.go:126.38,129.3 2 0
github.com/ramayac/korego/pkg/grep/grep.go:131.2,131.40 1 0
github.com/ramayac/korego/pkg/grep/grep.go:131.40,132.22 1 0
github.com/ramayac/korego/pkg/grep/grep.go:132.22,134.4 1 0
github.com/ramayac/korego/pkg/grep/grep.go:135.3,135.11 1 0
github.com/ramayac/korego/pkg/grep/grep.go:138.2,148.26 10 0
github.com/ramayac/korego/pkg/grep/grep.go:148.26,150.3 1 0
github.com/ramayac/korego/pkg/grep/grep.go:152.2,152.27 1 0
github.com/ramayac/korego/pkg/grep/grep.go:152.27,155.16 3 0
github.com/ramayac/korego/pkg/grep/grep.go:155.16,157.4 1 0
github.com/ramayac/korego/pkg/grep/grep.go:157.9,159.4 1 0
github.com/ramayac/korego/pkg/grep/grep.go:161.3,161.17 1 0
github.com/ramayac/korego/pkg/grep/grep.go:161.17,162.18 1 0
github.com/ramayac/korego/pkg/grep/grep.go:162.18,164.5 1 0
github.com/ramayac/korego/pkg/grep/grep.go:165.9,165.29 1 0
github.com/ramayac/korego/pkg/grep/grep.go:165.29,168.4 2 0
github.com/ramayac/korego/pkg/grep/grep.go:171.2,175.11 4 0
github.com/ramayac/korego/pkg/grep/grep.go:175.11,176.31 1 0
github.com/ramayac/korego/pkg/grep/grep.go:176.31,178.31 2 0
github.com/ramayac/korego/pkg/grep/grep.go:178.31,180.19 2 0
github.com/ramayac/korego/pkg/grep/grep.go:180.19,182.6 1 0
github.com/ramayac/korego/pkg/grep/grep.go:183.5,183.39 1 0
github.com/ramayac/korego/pkg/grep/grep.go:185.4,186.18 2 0
github.com/ramayac/korego/pkg/grep/grep.go:186.18,188.5 1 0
github.com/ramayac/korego/pkg/grep/grep.go:189.4,189.17 1 0
github.com/ramayac/korego/pkg/grep/grep.go:190.9,192.4 1 0
github.com/ramayac/korego/pkg/grep/grep.go:195.2,195.24 1 0
github.com/ramayac/korego/pkg/grep/grep.go:195.25,197.3 0 0
github.com/ramayac/korego/pkg/grep/grep.go:197.8,197.19 1 0
github.com/ramayac/korego/pkg/grep/grep.go:197.19,199.54 2 0
github.com/ramayac/korego/pkg/grep/grep.go:199.54,200.40 1 0
github.com/ramayac/korego/pkg/grep/grep.go:200.40,202.5 1 0
github.com/ramayac/korego/pkg/grep/grep.go:202.10,204.5 1 0
github.com/ramayac/korego/pkg/grep/grep.go:206.3,206.17 1 0
github.com/ramayac/korego/pkg/grep/grep.go:206.17,208.4 1 0
github.com/ramayac/korego/pkg/grep/grep.go:209.3,209.56 1 0
github.com/ramayac/korego/pkg/grep/grep.go:209.56,211.4 1 0
github.com/ramayac/korego/pkg/grep/grep.go:213.3,214.17 2 0
github.com/ramayac/korego/pkg/grep/grep.go:214.17,215.23 1 0
github.com/ramayac/korego/pkg/grep/grep.go:215.23,217.5 1 0
github.com/ramayac/korego/pkg/grep/grep.go:218.4,218.12 1 0
github.com/ramayac/korego/pkg/grep/grep.go:220.3,220.16 1 0
github.com/ramayac/korego/pkg/grep/grep.go:223.2,225.21 3 0
github.com/ramayac/korego/pkg/grep/grep.go:225.21,227.3 1 0
github.com/ramayac/korego/pkg/grep/grep.go:227.8,227.27 1 0
github.com/ramayac/korego/pkg/grep/grep.go:227.27,228.30 1 0
github.com/ramayac/korego/pkg/grep/grep.go:228.30,230.18 2 0
github.com/ramayac/korego/pkg/grep/grep.go:230.18,231.24 1 0
github.com/ramayac/korego/pkg/grep/grep.go:231.24,233.6 1 0
github.com/ramayac/korego/pkg/grep/grep.go:234.5,235.13 2 0
github.com/ramayac/korego/pkg/grep/grep.go:237.4,237.20 1 0
github.com/ramayac/korego/pkg/grep/grep.go:237.20,239.83 2 0
github.com/ramayac/korego/pkg/grep/grep.go:239.83,240.43 1 0
github.com/ramayac/korego/pkg/grep/grep.go:240.43,242.7 1 0
github.com/ramayac/korego/pkg/grep/grep.go:244.5,244.79 1 0
github.com/ramayac/korego/pkg/grep/grep.go:244.79,245.20 1 0
github.com/ramayac/korego/pkg/grep/grep.go:245.20,245.34 1 0
github.com/ramayac/korego/pkg/grep/grep.go:246.6,246.23 1 0
github.com/ramayac/korego/pkg/grep/grep.go:246.23,248.7 1 0
github.com/ramayac/korego/pkg/grep/grep.go:249.6,249.16 1 0
github.com/ramayac/korego/pkg/grep/grep.go:251.10,253.5 1 0
github.com/ramayac/korego/pkg/grep/grep.go:255.8,257.3 1 0
github.com/ramayac/korego/pkg/grep/grep.go:259.2,264.31 3 0
github.com/ramayac/korego/pkg/grep/grep.go:264.31,267.18 3 0
github.com/ramayac/korego/pkg/grep/grep.go:267.18,270.4 2 0
github.com/ramayac/korego/pkg/grep/grep.go:270.9,272.18 2 0
github.com/ramayac/korego/pkg/grep/grep.go:272.18,273.24 1 0
github.com/ramayac/korego/pkg/grep/grep.go:273.24,275.6 1 0
github.com/ramayac/korego/pkg/grep/grep.go:276.5,277.13 2 0
github.com/ramayac/korego/pkg/grep/grep.go:279.4,281.16 3 0
github.com/ramayac/korego/pkg/grep/grep.go:284.3,285.17 2 0
github.com/ramayac/korego/pkg/grep/grep.go:285.17,286.23 1 0
github.com/ramayac/korego/pkg/grep/grep.go:286.23,288.5 1 0
github.com/ramayac/korego/pkg/grep/grep.go:289.4,289.16 1 0
github.com/ramayac/korego/pkg/grep/grep.go:292.3,292.15 1 0
github.com/ramayac/korego/pkg/grep/grep.go:292.15,294.12 2 0
github.com/ramayac/korego/pkg/grep/grep.go:297.3,297.23 1 0
github.com/ramayac/korego/pkg/grep/grep.go:297.23,298.24 1 0
github.com/ramayac/korego/pkg/grep/grep.go:298.24,300.5 1 0
github.com/ramayac/korego/pkg/grep/grep.go:301.4,301.12 1 0
github.com/ramayac/korego/pkg/grep/grep.go:304.3,304.21 1 0
github.com/ramayac/korego/pkg/grep/grep.go:304.21,305.25 1 0
github.com/ramayac/korego/pkg/grep/grep.go:305.25,307.22 2 0
github.com/ramayac/korego/pkg/grep/grep.go:307.22,307.38 1 0
github.com/ramayac/korego/pkg/grep/grep.go:308.5,308.14 1 0
github.com/ramayac/korego/pkg/grep/grep.go:308.14,308.26 1 0
github.com/ramayac/korego/pkg/grep/grep.go:310.4,310.12 1 0
github.com/ramayac/korego/pkg/grep/grep.go:313.3,313.23 1 0
github.com/ramayac/korego/pkg/grep/grep.go:313.23,314.21 1 0
github.com/ramayac/korego/pkg/grep/grep.go:314.21,314.37 1 0
github.com/ramayac/korego/pkg/grep/grep.go:315.4,315.13 1 0
github.com/ramayac/korego/pkg/grep/grep.go:315.13,315.25 1 0
github.com/ramayac/korego/pkg/grep/grep.go:318.3,318.16 1 0
github.com/ramayac/korego/pkg/grep/grep.go:318.16,320.19 2 0
github.com/ramayac/korego/pkg/grep/grep.go:320.19,322.5 1 0
github.com/ramayac/korego/pkg/grep/grep.go:323.4,324.12 2 0
github.com/ramayac/korego/pkg/grep/grep.go:327.3,327.29 1 0
github.com/ramayac/korego/pkg/grep/grep.go:327.29,329.19 2 0
github.com/ramayac/korego/pkg/grep/grep.go:329.19,331.5 1 0
github.com/ramayac/korego/pkg/grep/grep.go:332.4,332.15 1 0
github.com/ramayac/korego/pkg/grep/grep.go:332.15,334.5 1 0
github.com/ramayac/korego/pkg/grep/grep.go:335.4,335.22 1 0
github.com/ramayac/korego/pkg/grep/grep.go:335.22,336.35 1 0
github.com/ramayac/korego/pkg/grep/grep.go:336.35,338.6 1 0
github.com/ramayac/korego/pkg/grep/grep.go:339.10,341.5 1 0
github.com/ramayac/korego/pkg/grep/grep.go:345.2,345.14 1 0
github.com/ramayac/korego/pkg/grep/grep.go:345.14,346.55 1 0
github.com/ramayac/korego/pkg/grep/grep.go:346.56,346.57 0 0
github.com/ramayac/korego/pkg/grep/grep.go:349.2,349.17 1 0
github.com/ramayac/korego/pkg/grep/grep.go:352.13,354.2 1 1
github.com/ramayac/korego/pkg/expr/expr.go:47.32,48.28 1 1
github.com/ramayac/korego/pkg/expr/expr.go:48.28,50.3 1 1
github.com/ramayac/korego/pkg/expr/expr.go:51.2,51.24 1 1
github.com/ramayac/korego/pkg/expr/expr.go:54.32,58.2 3 1
github.com/ramayac/korego/pkg/expr/expr.go:60.30,62.2 1 1
github.com/ramayac/korego/pkg/expr/expr.go:66.49,67.22 1 1
github.com/ramayac/korego/pkg/expr/expr.go:67.22,69.3 1 1
github.com/ramayac/korego/pkg/expr/expr.go:70.2,72.16 3 1
github.com/ramayac/korego/pkg/expr/expr.go:72.16,74.3 1 1
github.com/ramayac/korego/pkg/expr/expr.go:75.2,75.15 1 1
github.com/ramayac/korego/pkg/expr/expr.go:75.15,77.3 1 0
github.com/ramayac/korego/pkg/expr/expr.go:78.2,78.38 1 1
github.com/ramayac/korego/pkg/expr/expr.go:81.34,83.35 1 1
github.com/ramayac/korego/pkg/expr/expr.go:83.35,85.3 1 1
github.com/ramayac/korego/pkg/expr/expr.go:86.2,86.10 1 1
github.com/ramayac/korego/pkg/expr/expr.go:89.44,91.16 2 1
github.com/ramayac/korego/pkg/expr/expr.go:91.16,93.3 1 1
github.com/ramayac/korego/pkg/expr/expr.go:94.2,94.22 1 1
github.com/ramayac/korego/pkg/expr/expr.go:94.22,97.17 3 1
github.com/ramayac/korego/pkg/expr/expr.go:97.17,99.4 1 0
github.com/ramayac/korego/pkg/expr/expr.go:100.3,100.32 1 1
github.com/ramayac/korego/pkg/expr/expr.go:100.33,102.4 0 1
github.com/ramayac/korego/pkg/expr/expr.go:102.9,104.4 1 1
github.com/ramayac/korego/pkg/expr/expr.go:106.2,106.18 1 1
github.com/ramayac/korego/pkg/expr/expr.go:109.45,111.16 2 1
github.com/ramayac/korego/pkg/expr/expr.go:111.16,113.3 1 1
github.com/ramayac/korego/pkg/expr/expr.go:114.2,114.22 1 1
github.com/ramayac/korego/pkg/expr/expr.go:114.22,117.17 3 1
github.com/ramayac/korego/pkg/expr/expr.go:117.17,119.4 1 0
github.com/ramayac/korego/pkg/expr/expr.go:120.3,122.28 3 1
github.com/ramayac/korego/pkg/expr/expr.go:122.28,124.4 1 1
github.com/ramayac/korego/pkg/expr/expr.go:127.2,127.18 1 1
github.com/ramayac/korego/pkg/expr/expr.go:130.45,132.16 2 1
github.com/ramayac/korego/pkg/expr/expr.go:132.16,134.3 1 1
github.com/ramayac/korego/pkg/expr/expr.go:135.2,135.6 1 1
github.com/ramayac/korego/pkg/expr/expr.go:135.6,137.13 2 1
github.com/ramayac/korego/pkg/expr/expr.go:138.40,141.18 3 1
github.com/ramayac/korego/pkg/expr/expr.go:141.18,143.5 1 0
github.com/ramayac/korego/pkg/expr/expr.go:144.4,144.37 1 1
github.com/ramayac/korego/pkg/expr/expr.go:145.11,146.20 1 1
github.com/ramayac/korego/pkg/expr/expr.go:151.47,156.32 3 1
github.com/ramayac/korego/pkg/expr/expr.go:156.32,158.13 2 1
github.com/ramayac/korego/pkg/expr/expr.go:159.12,160.21 1 1
github.com/ramayac/korego/pkg/expr/expr.go:161.13,162.21 1 1
github.com/ramayac/korego/pkg/expr/expr.go:163.12,164.20 1 1
github.com/ramayac/korego/pkg/expr/expr.go:165.13,166.21 1 1
github.com/ramayac/korego/pkg/expr/expr.go:167.12,168.20 1 1
github.com/ramayac/korego/pkg/expr/expr.go:169.13,170.21 1 1
github.com/ramayac/korego/pkg/expr/expr.go:172.3,172.13 1 1
github.com/ramayac/korego/pkg/expr/expr.go:172.13,174.4 1 1
github.com/ramayac/korego/pkg/expr/expr.go:175.3,175.13 1 1
github.com/ramayac/korego/pkg/expr/expr.go:179.2,181.12 3 1
github.com/ramayac/korego/pkg/expr/expr.go:182.11,183.20 1 0
github.com/ramayac/korego/pkg/expr/expr.go:184.12,185.20 1 0
github.com/ramayac/korego/pkg/expr/expr.go:186.11,187.19 1 1
github.com/ramayac/korego/pkg/expr/expr.go:188.12,189.20 1 0
github.com/ramayac/korego/pkg/expr/expr.go:190.11,191.19 1 0
github.com/ramayac/korego/pkg/expr/expr.go:192.12,193.20 1 0
github.com/ramayac/korego/pkg/expr/expr.go:195.2,195.12 1 1
github.com/ramayac/korego/pkg/expr/expr.go:195.12,197.3 1 1
github.com/ramayac/korego/pkg/expr/expr.go:198.2,198.12 1 0
github.com/ramayac/korego/pkg/expr/expr.go:201.45,203.16 2 1
github.com/ramayac/korego/pkg/expr/expr.go:203.16,205.3 1 1
github.com/ramayac/korego/pkg/expr/expr.go:206.2,206.41 1 1
github.com/ramayac/korego/pkg/expr/expr.go:206.41,209.17 3 1
github.com/ramayac/korego/pkg/expr/expr.go:209.17,211.4 1 0
github.com/ramayac/korego/pkg/expr/expr.go:212.3,214.33 3 1
github.com/ramayac/korego/pkg/expr/expr.go:214.33,216.4 1 1
github.com/ramayac/korego/pkg/expr/expr.go:217.3,217.16 1 1
github.com/ramayac/korego/pkg/expr/expr.go:217.16,219.4 1 1
github.com/ramayac/korego/pkg/expr/expr.go:219.9,221.4 1 1
github.com/ramayac/korego/pkg/expr/expr.go:223.2,223.18 1 1
github.com/ramayac/korego/pkg/expr/expr.go:226.45,228.16 2 1
github.com/ramayac/korego/pkg/expr/expr.go:228.16,230.3 1 0
github.com/ramayac/korego/pkg/expr/expr.go:231.2,231.60 1 1
github.com/ramayac/korego/pkg/expr/expr.go:231.60,234.17 3 1
github.com/ramayac/korego/pkg/expr/expr.go:234.17,236.4 1 0
github.com/ramayac/korego/pkg/expr/expr.go:237.3,239.33 3 1
github.com/ramayac/korego/pkg/expr/expr.go:239.33,241.4 1 0
github.com/ramayac/korego/pkg/expr/expr.go:242.3,242.13 1 1
github.com/ramayac/korego/pkg/expr/expr.go:243.12,244.39 1 1
github.com/ramayac/korego/pkg/expr/expr.go:245.12,246.15 1 1
github.com/ramayac/korego/pkg/expr/expr.go:246.15,248.5 1 1
github.com/ramayac/korego/pkg/expr/expr.go:249.4,249.39 1 1
github.com/ramayac/korego/pkg/expr/expr.go:250.12,251.15 1 1
github.com/ramayac/korego/pkg/expr/expr.go:251.15,253.5 1 1
github.com/ramayac/korego/pkg/expr/expr.go:254.4,254.39 1 1
github.com/ramayac/korego/pkg/expr/expr.go:257.2,257.18 1 1
github.com/ramayac/korego/pkg/expr/expr.go:260.47,263.13 2 1
github.com/ramayac/korego/pkg/expr/expr.go:264.15,267.17 3 1
github.com/ramayac/korego/pkg/expr/expr.go:267.17,269.4 1 0
github.com/ramayac/korego/pkg/expr/expr.go:270.3,271.17 2 1
github.com/ramayac/korego/pkg/expr/expr.go:271.17,273.4 1 0
github.com/ramayac/korego/pkg/expr/expr.go:274.3,274.28 1 1
github.com/ramayac/korego/pkg/expr/expr.go:276.16,279.17 3 1
github.com/ramayac/korego/pkg/expr/expr.go:279.17,281.4 1 0
github.com/ramayac/korego/pkg/expr/expr.go:282.3,283.17 2 1
github.com/ramayac/korego/pkg/expr/expr.go:283.17,285.4 1 0
github.com/ramayac/korego/pkg/expr/expr.go:286.3,287.17 2 1
github.com/ramayac/korego/pkg/expr/expr.go:287.17,289.4 1 0
github.com/ramayac/korego/pkg/expr/expr.go:290.3,290.40 1 1
github.com/ramayac/korego/pkg/expr/expr.go:292.15,295.17 3 1
github.com/ramayac/korego/pkg/expr/expr.go:295.17,297.4 1 0
github.com/ramayac/korego/pkg/expr/expr.go:298.3,299.17 2 1
github.com/ramayac/korego/pkg/expr/expr.go:299.17,301.4 1 0
github.com/ramayac/korego/pkg/expr/expr.go:302.3,302.35 1 1
github.com/ramayac/korego/pkg/expr/expr.go:304.16,307.72 2 1
github.com/ramayac/korego/pkg/expr/expr.go:307.72,309.4 1 0
github.com/ramayac/korego/pkg/expr/expr.go:310.3,311.17 2 1
github.com/ramayac/korego/pkg/expr/expr.go:311.17,313.4 1 0
github.com/ramayac/korego/pkg/expr/expr.go:314.3,314.37 1 1
github.com/ramayac/korego/pkg/expr/expr.go:317.2,317.25 1 1
github.com/ramayac/korego/pkg/expr/expr.go:320.49,323.16 2 1
github.com/ramayac/korego/pkg/expr/expr.go:323.16,326.17 3 1
github.com/ramayac/korego/pkg/expr/expr.go:326.17,328.4 1 0
github.com/ramayac/korego/pkg/expr/expr.go:329.3,329.22 1 1
github.com/ramayac/korego/pkg/expr/expr.go:329.22,331.4 1 0
github.com/ramayac/korego/pkg/expr/expr.go:332.3,333.21 2 1
github.com/ramayac/korego/pkg/expr/expr.go:336.2,336.15 1 1
github.com/ramayac/korego/pkg/expr/expr.go:336.15,338.3 1 0
github.com/ramayac/korego/pkg/expr/expr.go:342.2,344.21 2 1
github.com/ramayac/korego/pkg/expr/expr.go:344.21,347.17 3 1
github.com/ramayac/korego/pkg/expr/expr.go:347.17,349.4 1 0
github.com/ramayac/korego/pkg/expr/expr.go:350.3,350.28 1 1
github.com/ramayac/korego/pkg/expr/expr.go:353.2,353.17 1 1
github.com/ramayac/korego/pkg/expr/expr.go:358.52,360.38 1 1
github.com/ramayac/korego/pkg/expr/expr.go:360.38,362.3 1 1
github.com/ramayac/korego/pkg/expr/expr.go:363.2,364.16 2 1
github.com/ramayac/korego/pkg/expr/expr.go:364.16,366.3 1 0
github.com/ramayac/korego/pkg/expr/expr.go:367.2,368.14 2 1
github.com/ramayac/korego/pkg/expr/expr.go:368.14,370.37 1 1
github.com/ramayac/korego/pkg/expr/expr.go:370.37,372.4 1 0
github.com/ramayac/korego/pkg/expr/expr.go:373.3,373.18 1 1
github.com/ramayac/korego/pkg/expr/expr.go:375.2,375.16 1 1
github.com/ramayac/korego/pkg/expr/expr.go:375.16,378.3 1 1
github.com/ramayac/korego/pkg/expr/expr.go:380.2,380.37 1 1
github.com/ramayac/korego/pkg/expr/expr.go:383.60,385.16 2 1
github.com/ramayac/korego/pkg/expr/expr.go:385.16,387.3 1 0
github.com/ramayac/korego/pkg/expr/expr.go:388.2,389.16 2 1
github.com/ramayac/korego/pkg/expr/expr.go:389.16,391.3 1 0
github.com/ramayac/korego/pkg/expr/expr.go:393.2,393.13 1 1
github.com/ramayac/korego/pkg/expr/expr.go:393.13,395.3 1 0
github.com/ramayac/korego/pkg/expr/expr.go:396.2,397.23 2 1
github.com/ramayac/korego/pkg/expr/expr.go:397.23,399.3 1 0
github.com/ramayac/korego/pkg/expr/expr.go:400.2,401.20 2 1
github.com/ramayac/korego/pkg/expr/expr.go:401.20,403.3 1 0
github.com/ramayac/korego/pkg/expr/expr.go:404.2,404.28 1 1
github.com/ramayac/korego/pkg/expr/expr.go:407.41,409.24 1 1
github.com/ramayac/korego/pkg/expr/expr.go:409.24,410.37 1 1
github.com/ramayac/korego/pkg/expr/expr.go:410.37,412.4 1 1
github.com/ramayac/korego/pkg/expr/expr.go:414.2,414.12 1 0
github.com/ramayac/korego/pkg/expr/expr.go:417.44,419.16 2 1
github.com/ramayac/korego/pkg/expr/expr.go:419.16,422.3 2 0
github.com/ramayac/korego/pkg/expr/expr.go:424.2,428.16 4 1
github.com/ramayac/korego/pkg/expr/expr.go:428.16,430.16 2 0
github.com/ramayac/korego/pkg/expr/expr.go:430.16,432.4 1 0
github.com/ramayac/korego/pkg/expr/expr.go:433.3,433.11 1 0
github.com/ramayac/korego/pkg/expr/expr.go:436.2,436.94 1 1
github.com/ramayac/korego/pkg/expr/expr.go:436.94,438.3 1 1
github.com/ramayac/korego/pkg/expr/expr.go:439.2,439.17 1 1
github.com/ramayac/korego/pkg/expr/expr.go:442.13,448.2 1 1
github.com/ramayac/korego/pkg/find/find.go:28.49,30.16 2 1
github.com/ramayac/korego/pkg/find/find.go:30.16,32.3 1 1
github.com/ramayac/korego/pkg/find/find.go:33.2,34.25 2 0
github.com/ramayac/korego/pkg/find/find.go:34.25,36.3 1 0
github.com/ramayac/korego/pkg/find/find.go:37.2,37.10 1 0
github.com/ramayac/korego/pkg/find/find.go:47.44,52.33 4 1
github.com/ramayac/korego/pkg/find/find.go:52.33,54.19 2 1
github.com/ramayac/korego/pkg/find/find.go:54.19,56.58 2 0
github.com/ramayac/korego/pkg/find/find.go:56.58,59.5 2 0
github.com/ramayac/korego/pkg/find/find.go:60.4,60.39 1 0
github.com/ramayac/korego/pkg/find/find.go:60.39,62.5 1 0
github.com/ramayac/korego/pkg/find/find.go:63.9,63.53 1 1
github.com/ramayac/korego/pkg/find/find.go:63.53,65.4 1 0
github.com/ramayac/korego/pkg/find/find.go:65.9,67.4 1 1
github.com/ramayac/korego/pkg/find/find.go:70.2,71.16 2 1
github.com/ramayac/korego/pkg/find/find.go:71.16,74.3 2 0
github.com/ramayac/korego/pkg/find/find.go:76.2,77.31 2 1
github.com/ramayac/korego/pkg/find/find.go:77.31,79.3 1 1
github.com/ramayac/korego/pkg/find/find.go:81.2,90.78 6 1
github.com/ramayac/korego/pkg/find/find.go:90.78,91.17 1 1
github.com/ramayac/korego/pkg/find/find.go:91.17,94.4 2 0
github.com/ramayac/korego/pkg/find/find.go:97.3,97.20 1 1
github.com/ramayac/korego/pkg/find/find.go:97.20,99.22 2 0
github.com/ramayac/korego/pkg/find/find.go:99.22,101.66 2 0
github.com/ramayac/korego/pkg/find/find.go:101.66,103.6 1 0
github.com/ramayac/korego/pkg/find/find.go:104.5,105.18 2 0
github.com/ramayac/korego/pkg/find/find.go:105.18,107.6 1 0
github.com/ramayac/korego/pkg/find/find.go:109.4,109.24 1 0
github.com/ramayac/korego/pkg/find/find.go:109.24,110.18 1 0
github.com/ramayac/korego/pkg/find/find.go:110.18,112.6 1 0
github.com/ramayac/korego/pkg/find/find.go:113.5,113.15 1 0
github.com/ramayac/korego/pkg/find/find.go:117.3,117.24 1 1
github.com/ramayac/korego/pkg/find/find.go:117.24,119.14 2 0
github.com/ramayac/korego/pkg/find/find.go:119.14,121.5 1 0
github.com/ramayac/korego/pkg/find/find.go:124.3,125.16 2 1
github.com/ramayac/korego/pkg/find/find.go:125.16,127.4 1 1
github.com/ramayac/korego/pkg/find/find.go:127.9,127.42 1 1
github.com/ramayac/korego/pkg/find/find.go:127.42,129.4 1 0
github.com/ramayac/korego/pkg/find/find.go:131.3,131.45 1 1
github.com/ramayac/korego/pkg/find/find.go:131.45,133.4 1 0
github.com/ramayac/korego/pkg/find/find.go:135.3,138.18 4 1
github.com/ramayac/korego/pkg/find/find.go:138.18,141.4 2 1
github.com/ramayac/korego/pkg/find/find.go:144.3,145.65 2 1
github.com/ramayac/korego/pkg/find/find.go:145.65,147.4 1 1
github.com/ramayac/korego/pkg/find/find.go:149.3,156.13 2 1
github.com/ramayac/korego/pkg/find/find.go:159.2,159.16 1 1
github.com/ramayac/korego/pkg/find/find.go:159.16,161.3 1 0
github.com/ramayac/korego/pkg/find/find.go:164.2,164.22 1 1
github.com/ramayac/korego/pkg/find/find.go:164.22,166.3 1 0
github.com/ramayac/korego/pkg/find/find.go:168.2,170.55 2 1
github.com/ramayac/korego/pkg/find/find.go:170.55,171.29 1 1
github.com/ramayac/korego/pkg/find/find.go:171.29,173.4 1 1
github.com/ramayac/korego/pkg/find/find.go:176.2,176.10 1 1
github.com/ramayac/korego/pkg/find/find.go:180.71,181.23 1 0
github.com/ramayac/korego/pkg/find/find.go:181.23,183.3 1 0
github.com/ramayac/korego/pkg/find/find.go:184.2,186.14 2 0
github.com/ramayac/korego/pkg/find/find.go:186.14,193.17 6 0
github.com/ramayac/korego/pkg/find/find.go:193.17,194.43 1 0
github.com/ramayac/korego/pkg/find/find.go:194.43,196.23 2 0
github.com/ramayac/korego/pkg/find/find.go:196.23,198.6 1 0
github.com/ramayac/korego/pkg/find/find.go:199.10,201.5 1 0
github.com/ramayac/korego/pkg/find/find.go:203.8,206.29 1 0
github.com/ramayac/korego/pkg/find/find.go:206.29,212.4 5 0
github.com/ramayac/korego/pkg/find/find.go:214.2,214.16 1 0
github.com/ramayac/korego/pkg/find/find.go:218.65,220.28 2 0
github.com/ramayac/korego/pkg/find/find.go:220.28,221.16 1 0
github.com/ramayac/korego/pkg/find/find.go:221.16,222.28 1 0
github.com/ramayac/korego/pkg/find/find.go:222.28,224.5 1 0
github.com/ramayac/korego/pkg/find/find.go:225.9,227.4 1 0
github.com/ramayac/korego/pkg/find/find.go:229.2,229.13 1 0
github.com/ramayac/korego/pkg/find/find.go:232.13,234.2 1 1
github.com/ramayac/korego/pkg/hostname/hostname.go:25.36,27.16 2 1
github.com/ramayac/korego/pkg/hostname/hostname.go:27.16,29.3 1 0
github.com/ramayac/korego/pkg/hostname/hostname.go:30.2,30.40 1 1
github.com/ramayac/korego/pkg/hostname/hostname.go:33.44,35.16 2 0
github.com/ramayac/korego/pkg/hostname/hostname.go:35.16,38.3 2 0
github.com/ramayac/korego/pkg/hostname/hostname.go:39.2,42.16 3 0
github.com/ramayac/korego/pkg/hostname/hostname.go:42.16,46.3 3 0
github.com/ramayac/korego/pkg/hostname/hostname.go:48.2,48.58 1 0
github.com/ramayac/korego/pkg/hostname/hostname.go:48.58,50.3 1 0
github.com/ramayac/korego/pkg/hostname/hostname.go:51.2,51.10 1 0
github.com/ramayac/korego/pkg/hostname/hostname.go:54.13,60.2 1 1
github.com/ramayac/korego/pkg/head/head.go:32.70,37.21 4 1
github.com/ramayac/korego/pkg/head/head.go:37.21,38.26 1 1
github.com/ramayac/korego/pkg/head/head.go:38.26,39.9 1 1
github.com/ramayac/korego/pkg/head/head.go:41.3,44.10 4 1
github.com/ramayac/korego/pkg/head/head.go:46.2,46.29 1 1
github.com/ramayac/korego/pkg/head/head.go:49.44,51.16 2 0
github.com/ramayac/korego/pkg/head/head.go:51.16,54.3 2 0
github.com/ramayac/korego/pkg/head/head.go:55.2,59.40 5 0
github.com/ramayac/korego/pkg/head/head.go:59.40,61.26 2 0
github.com/ramayac/korego/pkg/head/head.go:61.26,64.4 2 0
github.com/ramayac/korego/pkg/head/head.go:65.3,66.17 2 0
github.com/ramayac/korego/pkg/head/head.go:67.8,67.47 1 0
github.com/ramayac/korego/pkg/head/head.go:67.47,68.35 1 0
github.com/ramayac/korego/pkg/head/head.go:68.35,70.18 2 0
github.com/ramayac/korego/pkg/head/head.go:70.18,73.5 2 0
github.com/ramayac/korego/pkg/head/head.go:74.4,75.24 2 0
github.com/ramayac/korego/pkg/head/head.go:76.9,78.27 2 0
github.com/ramayac/korego/pkg/head/head.go:78.27,81.5 2 0
github.com/ramayac/korego/pkg/head/head.go:82.4,82.18 1 0
github.com/ramayac/korego/pkg/head/head.go:86.2,87.47 2 0
github.com/ramayac/korego/pkg/head/head.go:87.47,89.3 1 0
github.com/ramayac/korego/pkg/head/head.go:90.2,90.40 1 0
github.com/ramayac/korego/pkg/head/head.go:90.40,91.18 1 0
github.com/ramayac/korego/pkg/head/head.go:91.18,93.12 2 0
github.com/ramayac/korego/pkg/head/head.go:95.3,96.17 2 0
github.com/ramayac/korego/pkg/head/head.go:96.17,99.4 2 0
github.com/ramayac/korego/pkg/head/head.go:100.3,101.31 2 0
github.com/ramayac/korego/pkg/head/head.go:104.2,106.28 3 0
github.com/ramayac/korego/pkg/head/head.go:106.28,107.23 1 0
github.com/ramayac/korego/pkg/head/head.go:107.23,109.63 2 0
github.com/ramayac/korego/pkg/head/head.go:109.63,111.5 1 0
github.com/ramayac/korego/pkg/head/head.go:112.4,113.17 2 0
github.com/ramayac/korego/pkg/head/head.go:113.17,114.14 1 0
github.com/ramayac/korego/pkg/head/head.go:114.14,116.6 1 0
github.com/ramayac/korego/pkg/head/head.go:117.5,117.24 1 0
github.com/ramayac/korego/pkg/head/head.go:121.3,122.15 2 0
github.com/ramayac/korego/pkg/head/head.go:122.15,124.4 1 0
github.com/ramayac/korego/pkg/head/head.go:126.3,127.15 2 0
github.com/ramayac/korego/pkg/head/head.go:127.15,129.4 1 0
github.com/ramayac/korego/pkg/head/head.go:131.3,133.21 3 0
github.com/ramayac/korego/pkg/head/head.go:133.21,135.4 1 0
github.com/ramayac/korego/pkg/head/head.go:135.9,135.27 1 0
github.com/ramayac/korego/pkg/head/head.go:135.27,137.4 1 0
github.com/ramayac/korego/pkg/head/head.go:137.9,139.4 1 0
github.com/ramayac/korego/pkg/head/head.go:140.3,140.18 1 0
github.com/ramayac/korego/pkg/head/head.go:140.18,143.4 2 0
github.com/ramayac/korego/pkg/head/head.go:144.3,144.15 1 0
github.com/ramayac/korego/pkg/head/head.go:144.15,146.4 1 0
github.com/ramayac/korego/pkg/head/head.go:149.2,149.14 1 0
github.com/ramayac/korego/pkg/head/head.go:149.14,150.98 1 0
github.com/ramayac/korego/pkg/head/head.go:150.99,150.100 0 0
github.com/ramayac/korego/pkg/head/head.go:153.2,153.17 1 0
github.com/ramayac/korego/pkg/head/head.go:157.76,160.21 3 1
github.com/ramayac/korego/pkg/head/head.go:160.21,162.3 1 1
github.com/ramayac/korego/pkg/head/head.go:163.2,163.38 1 1
github.com/ramayac/korego/pkg/head/head.go:163.38,165.3 1 0
github.com/ramayac/korego/pkg/head/head.go:166.2,167.15 2 1
github.com/ramayac/korego/pkg/head/head.go:167.15,169.3 1 1
github.com/ramayac/korego/pkg/head/head.go:170.2,171.29 2 1
github.com/ramayac/korego/pkg/head/head.go:171.29,174.3 2 1
github.com/ramayac/korego/pkg/head/head.go:175.2,175.19 1 1
github.com/ramayac/korego/pkg/head/head.go:179.66,182.63 3 1
github.com/ramayac/korego/pkg/head/head.go:182.63,184.3 1 0
github.com/ramayac/korego/pkg/head/head.go:185.2,185.15 1 1
github.com/ramayac/korego/pkg/head/head.go:185.15,187.3 1 1
github.com/ramayac/korego/pkg/head/head.go:188.2,188.17 1 1
github.com/ramayac/korego/pkg/head/head.go:191.13,193.2 1 1
github.com/ramayac/korego/pkg/kill/kill.go:31.44,33.16 2 1
github.com/ramayac/korego/pkg/kill/kill.go:33.16,36.3 2 0
github.com/ramayac/korego/pkg/kill/kill.go:38.2,40.20 3 1
github.com/ramayac/korego/pkg/kill/kill.go:40.20,43.3 2 0
github.com/ramayac/korego/pkg/kill/kill.go:45.2,48.37 3 1
github.com/ramayac/korego/pkg/kill/kill.go:48.37,50.17 2 1
github.com/ramayac/korego/pkg/kill/kill.go:50.17,53.12 3 0
github.com/ramayac/korego/pkg/kill/kill.go:56.3,63.17 3 1
github.com/ramayac/korego/pkg/kill/kill.go:63.17,66.4 2 1
github.com/ramayac/korego/pkg/kill/kill.go:69.2,69.20 1 1
github.com/ramayac/korego/pkg/kill/kill.go:69.20,70.68 1 1
github.com/ramayac/korego/pkg/kill/kill.go:70.69,70.70 0 0
github.com/ramayac/korego/pkg/kill/kill.go:73.2,73.17 1 1
github.com/ramayac/korego/pkg/kill/kill.go:76.13,78.2 1 1
github.com/ramayac/korego/pkg/diff/diff.go:61.46,63.26 2 0
github.com/ramayac/korego/pkg/diff/diff.go:63.26,67.31 4 0
github.com/ramayac/korego/pkg/diff/diff.go:67.31,69.55 2 0
github.com/ramayac/korego/pkg/diff/diff.go:69.55,70.17 1 0
github.com/ramayac/korego/pkg/diff/diff.go:70.17,73.6 2 0
github.com/ramayac/korego/pkg/diff/diff.go:74.10,77.5 2 0
github.com/ramayac/korego/pkg/diff/diff.go:79.3,79.22 1 0
github.com/ramayac/korego/pkg/diff/diff.go:81.2,81.12 1 0
github.com/ramayac/korego/pkg/diff/diff.go:84.59,85.31 1 0
github.com/ramayac/korego/pkg/diff/diff.go:85.31,86.53 1 0
github.com/ramayac/korego/pkg/diff/diff.go:86.53,90.76 3 0
github.com/ramayac/korego/pkg/diff/diff.go:90.76,91.48 1 0
github.com/ramayac/korego/pkg/diff/diff.go:91.48,93.6 1 0
github.com/ramayac/korego/pkg/diff/diff.go:94.5,94.8 1 0
github.com/ramayac/korego/pkg/diff/diff.go:96.4,96.16 1 0
github.com/ramayac/korego/pkg/diff/diff.go:96.16,97.28 1 0
github.com/ramayac/korego/pkg/diff/diff.go:97.28,98.31 1 0
github.com/ramayac/korego/pkg/diff/diff.go:98.31,100.7 1 0
github.com/ramayac/korego/pkg/diff/diff.go:100.12,102.7 1 0
github.com/ramayac/korego/pkg/diff/diff.go:105.4,105.9 1 0
github.com/ramayac/korego/pkg/diff/diff.go:106.9,108.4 1 0
github.com/ramayac/korego/pkg/diff/diff.go:110.2,110.15 1 0
github.com/ramayac/korego/pkg/diff/diff.go:113.24,114.11 1 0
github.com/ramayac/korego/pkg/diff/diff.go:114.11,116.3 1 0
github.com/ramayac/korego/pkg/diff/diff.go:117.2,117.10 1 0
github.com/ramayac/korego/pkg/diff/diff.go:120.24,121.11 1 0
github.com/ramayac/korego/pkg/diff/diff.go:121.11,123.3 1 0
github.com/ramayac/korego/pkg/diff/diff.go:124.2,124.10 1 0
github.com/ramayac/korego/pkg/diff/diff.go:128.37,133.15 4 1
github.com/ramayac/korego/pkg/diff/diff.go:133.15,135.3 1 0
github.com/ramayac/korego/pkg/diff/diff.go:137.2,143.28 4 1
github.com/ramayac/korego/pkg/diff/diff.go:143.28,144.30 1 1
github.com/ramayac/korego/pkg/diff/diff.go:144.30,145.56 1 1
github.com/ramayac/korego/pkg/diff/diff.go:145.56,147.5 1 1
github.com/ramayac/korego/pkg/diff/diff.go:147.10,149.5 1 1
github.com/ramayac/korego/pkg/diff/diff.go:150.4,152.39 2 1
github.com/ramayac/korego/pkg/diff/diff.go:152.39,155.5 2 1
github.com/ramayac/korego/pkg/diff/diff.go:156.4,158.24 2 1
github.com/ramayac/korego/pkg/diff/diff.go:158.24,162.16 4 1
github.com/ramayac/korego/pkg/diff/diff.go:165.3,167.28 3 1
github.com/ramayac/korego/pkg/diff/diff.go:171.2,175.12 4 1
github.com/ramayac/korego/pkg/diff/diff.go:175.12,178.73 3 1
github.com/ramayac/korego/pkg/diff/diff.go:178.73,180.4 1 1
github.com/ramayac/korego/pkg/diff/diff.go:180.9,182.4 1 1
github.com/ramayac/korego/pkg/diff/diff.go:183.3,186.21 4 1
github.com/ramayac/korego/pkg/diff/diff.go:186.21,189.4 2 1
github.com/ramayac/korego/pkg/diff/diff.go:189.9,192.4 2 1
github.com/ramayac/korego/pkg/diff/diff.go:194.3,194.18 1 1
github.com/ramayac/korego/pkg/diff/diff.go:194.18,198.4 3 1
github.com/ramayac/korego/pkg/diff/diff.go:200.3,200.12 1 1
github.com/ramayac/korego/pkg/diff/diff.go:200.12,203.4 2 1
github.com/ramayac/korego/pkg/diff/diff.go:203.9,206.4 2 1
github.com/ramayac/korego/pkg/diff/diff.go:208.3,208.6 1 1
github.com/ramayac/korego/pkg/diff/diff.go:211.2,211.21 1 1
github.com/ramayac/korego/pkg/diff/diff.go:211.21,215.3 3 1
github.com/ramayac/korego/pkg/diff/diff.go:218.2,218.55 1 1
github.com/ramayac/korego/pkg/diff/diff.go:218.55,220.3 1 1
github.com/ramayac/korego/pkg/diff/diff.go:222.2,222.15 1 1
github.com/ramayac/korego/pkg/diff/diff.go:226.81,233.22 5 1
github.com/ramayac/korego/pkg/diff/diff.go:233.22,235.113 1 1
github.com/ramayac/korego/pkg/diff/diff.go:235.113,236.60 1 1
github.com/ramayac/korego/pkg/diff/diff.go:236.60,238.5 1 1
github.com/ramayac/korego/pkg/diff/diff.go:239.4,239.60 1 1
github.com/ramayac/korego/pkg/diff/diff.go:239.60,241.5 1 1
github.com/ramayac/korego/pkg/diff/diff.go:242.4,242.7 1 1
github.com/ramayac/korego/pkg/diff/diff.go:244.3,244.23 1 1
github.com/ramayac/korego/pkg/diff/diff.go:244.23,245.9 1 1
github.com/ramayac/korego/pkg/diff/diff.go:249.3,250.19 2 1
github.com/ramayac/korego/pkg/diff/diff.go:250.19,252.4 1 1
github.com/ramayac/korego/pkg/diff/diff.go:255.3,256.28 2 1
github.com/ramayac/korego/pkg/diff/diff.go:256.28,259.97 2 1
github.com/ramayac/korego/pkg/diff/diff.go:259.97,261.5 1 1
github.com/ramayac/korego/pkg/diff/diff.go:264.4,265.142 2 1
github.com/ramayac/korego/pkg/diff/diff.go:265.142,268.5 2 1
github.com/ramayac/korego/pkg/diff/diff.go:270.4,270.31 1 1
github.com/ramayac/korego/pkg/diff/diff.go:270.31,271.26 1 1
github.com/ramayac/korego/pkg/diff/diff.go:271.26,273.6 1 1
github.com/ramayac/korego/pkg/diff/diff.go:273.11,275.6 1 1
github.com/ramayac/korego/pkg/diff/diff.go:276.5,276.10 1 1
github.com/ramayac/korego/pkg/diff/diff.go:279.4,279.27 1 0
github.com/ramayac/korego/pkg/diff/diff.go:279.27,282.29 3 0
github.com/ramayac/korego/pkg/diff/diff.go:282.29,284.6 1 0
github.com/ramayac/korego/pkg/diff/diff.go:285.5,285.10 1 0
github.com/ramayac/korego/pkg/diff/diff.go:287.4,287.21 1 0
github.com/ramayac/korego/pkg/diff/diff.go:290.3,290.27 1 1
github.com/ramayac/korego/pkg/diff/diff.go:290.27,292.4 1 0
github.com/ramayac/korego/pkg/diff/diff.go:294.3,301.33 4 1
github.com/ramayac/korego/pkg/diff/diff.go:301.33,302.85 1 1
github.com/ramayac/korego/pkg/diff/diff.go:302.85,304.5 1 1
github.com/ramayac/korego/pkg/diff/diff.go:305.4,305.85 1 1
github.com/ramayac/korego/pkg/diff/diff.go:305.85,307.5 1 1
github.com/ramayac/korego/pkg/diff/diff.go:310.3,313.38 3 1
github.com/ramayac/korego/pkg/diff/diff.go:313.38,314.24 1 1
github.com/ramayac/korego/pkg/diff/diff.go:315.14,318.20 3 1
github.com/ramayac/korego/pkg/diff/diff.go:319.15,321.20 2 1
github.com/ramayac/korego/pkg/diff/diff.go:322.15,324.20 2 1
github.com/ramayac/korego/pkg/diff/diff.go:325.22,327.20 2 0
github.com/ramayac/korego/pkg/diff/diff.go:328.22,330.20 2 0
github.com/ramayac/korego/pkg/diff/diff.go:334.3,339.36 4 1
github.com/ramayac/korego/pkg/diff/diff.go:342.2,342.14 1 1
github.com/ramayac/korego/pkg/diff/diff.go:346.115,348.52 2 1
github.com/ramayac/korego/pkg/diff/diff.go:348.52,350.3 1 1
github.com/ramayac/korego/pkg/diff/diff.go:351.2,351.20 1 1
github.com/ramayac/korego/pkg/diff/diff.go:351.20,353.3 1 0
github.com/ramayac/korego/pkg/diff/diff.go:355.2,356.52 2 1
github.com/ramayac/korego/pkg/diff/diff.go:356.52,358.3 1 1
github.com/ramayac/korego/pkg/diff/diff.go:359.2,359.20 1 1
github.com/ramayac/korego/pkg/diff/diff.go:359.20,361.3 1 0
github.com/ramayac/korego/pkg/diff/diff.go:364.2,366.17 3 1
github.com/ramayac/korego/pkg/diff/diff.go:366.17,369.3 2 0
github.com/ramayac/korego/pkg/diff/diff.go:374.2,380.24 4 1
github.com/ramayac/korego/pkg/diff/diff.go:380.24,381.27 1 1
github.com/ramayac/korego/pkg/diff/diff.go:381.27,385.4 3 1
github.com/ramayac/korego/pkg/diff/diff.go:385.9,385.35 1 1
github.com/ramayac/korego/pkg/diff/diff.go:385.35,388.4 2 1
github.com/ramayac/korego/pkg/diff/diff.go:388.9,388.35 1 1
github.com/ramayac/korego/pkg/diff/diff.go:388.35,391.4 2 1
github.com/ramayac/korego/pkg/diff/diff.go:394.2,394.22 1 1
github.com/ramayac/korego/pkg/diff/diff.go:394.22,396.3 1 0
github.com/ramayac/korego/pkg/diff/diff.go:401.2,401.20 1 1
github.com/ramayac/korego/pkg/diff/diff.go:401.20,403.3 1 0
github.com/ramayac/korego/pkg/diff/diff.go:404.2,404.20 1 1
github.com/ramayac/korego/pkg/diff/diff.go:404.20,406.3 1 0
github.com/ramayac/korego/pkg/diff/diff.go:409.2,410.30 2 1
github.com/ramayac/korego/pkg/diff/diff.go:410.30,411.43 1 1
github.com/ramayac/korego/pkg/diff/diff.go:411.43,413.9 2 1
github.com/ramayac/korego/pkg/diff/diff.go:418.2,422.22 4 1
github.com/ramayac/korego/pkg/diff/diff.go:425.44,427.16 2 1
github.com/ramayac/korego/pkg/diff/diff.go:427.16,430.3 2 0
github.com/ramayac/korego/pkg/diff/diff.go:432.2,436.20 4 1
github.com/ramayac/korego/pkg/diff/diff.go:436.20,438.27 2 0
github.com/ramayac/korego/pkg/diff/diff.go:438.27,440.4 1 0
github.com/ramayac/korego/pkg/diff/diff.go:443.2,443.21 1 1
github.com/ramayac/korego/pkg/diff/diff.go:443.21,445.16 2 0
github.com/ramayac/korego/pkg/diff/diff.go:445.16,447.4 1 0
github.com/ramayac/korego/pkg/diff/diff.go:448.3,448.11 1 0
github.com/ramayac/korego/pkg/diff/diff.go:452.2,456.15 5 1
github.com/ramayac/korego/pkg/diff/diff.go:456.15,459.57 3 0
github.com/ramayac/korego/pkg/diff/diff.go:459.57,461.4 1 0
github.com/ramayac/korego/pkg/diff/diff.go:464.3,464.58 1 0
github.com/ramayac/korego/pkg/diff/diff.go:464.58,466.4 1 0
github.com/ramayac/korego/pkg/diff/diff.go:466.9,466.65 1 0
github.com/ramayac/korego/pkg/diff/diff.go:466.65,468.4 1 0
github.com/ramayac/korego/pkg/diff/diff.go:471.2,472.26 2 1
github.com/ramayac/korego/pkg/diff/diff.go:472.26,479.28 1 0
github.com/ramayac/korego/pkg/diff/diff.go:479.29,479.30 0 0
github.com/ramayac/korego/pkg/diff/diff.go:480.3,480.11 1 0
github.com/ramayac/korego/pkg/diff/diff.go:483.2,483.21 1 1
github.com/ramayac/korego/pkg/diff/diff.go:483.21,485.3 1 0
github.com/ramayac/korego/pkg/diff/diff.go:485.8,487.3 1 1
github.com/ramayac/korego/pkg/diff/diff.go:488.2,488.16 1 1
github.com/ramayac/korego/pkg/diff/diff.go:488.16,490.16 2 0
github.com/ramayac/korego/pkg/diff/diff.go:490.16,492.4 1 0
github.com/ramayac/korego/pkg/diff/diff.go:493.3,493.11 1 0
github.com/ramayac/korego/pkg/diff/diff.go:495.2,495.21 1 1
github.com/ramayac/korego/pkg/diff/diff.go:495.21,497.3 1 0
github.com/ramayac/korego/pkg/diff/diff.go:497.8,499.3 1 1
github.com/ramayac/korego/pkg/diff/diff.go:500.2,500.16 1 1
github.com/ramayac/korego/pkg/diff/diff.go:500.16,502.16 2 0
github.com/ramayac/korego/pkg/diff/diff.go:502.16,504.4 1 0
github.com/ramayac/korego/pkg/diff/diff.go:505.3,505.11 1 0
github.com/ramayac/korego/pkg/diff/diff.go:508.2,519.12 5 1
github.com/ramayac/korego/pkg/diff/diff.go:519.12,520.52 1 1
github.com/ramayac/korego/pkg/diff/diff.go:520.52,521.22 1 1
github.com/ramayac/korego/pkg/diff/diff.go:521.22,523.5 1 0
github.com/ramayac/korego/pkg/diff/diff.go:523.10,523.47 1 1
github.com/ramayac/korego/pkg/diff/diff.go:523.47,525.29 2 1
github.com/ramayac/korego/pkg/diff/diff.go:525.29,528.25 2 1
github.com/ramayac/korego/pkg/diff/diff.go:528.25,530.7 1 0
github.com/ramayac/korego/pkg/diff/diff.go:530.12,530.32 1 1
github.com/ramayac/korego/pkg/diff/diff.go:530.32,532.7 1 0
github.com/ramayac/korego/pkg/diff/diff.go:533.6,534.25 2 1
github.com/ramayac/korego/pkg/diff/diff.go:534.25,536.7 1 0
github.com/ramayac/korego/pkg/diff/diff.go:536.12,536.32 1 1
github.com/ramayac/korego/pkg/diff/diff.go:536.32,538.7 1 0
github.com/ramayac/korego/pkg/diff/diff.go:539.6,540.32 2 1
github.com/ramayac/korego/pkg/diff/diff.go:540.32,544.21 3 1
github.com/ramayac/korego/pkg/diff/diff.go:544.21,547.34 3 1
github.com/ramayac/korego/pkg/diff/diff.go:547.34,549.9 1 0
github.com/ramayac/korego/pkg/diff/diff.go:549.14,549.41 1 1
github.com/ramayac/korego/pkg/diff/diff.go:549.41,551.9 1 0
github.com/ramayac/korego/pkg/diff/diff.go:555.10,557.5 1 0
github.com/ramayac/korego/pkg/diff/diff.go:559.3,559.11 1 1
github.com/ramayac/korego/pkg/diff/diff.go:562.2,562.51 1 0
github.com/ramayac/korego/pkg/diff/diff.go:562.52,562.53 0 0
github.com/ramayac/korego/pkg/diff/diff.go:563.2,563.10 1 0
github.com/ramayac/korego/pkg/diff/diff.go:567.45,568.33 1 0
github.com/ramayac/korego/pkg/diff/diff.go:568.33,570.3 1 0
github.com/ramayac/korego/pkg/diff/diff.go:571.2,571.24 1 0
github.com/ramayac/korego/pkg/diff/diff.go:575.127,580.72 3 0
github.com/ramayac/korego/pkg/diff/diff.go:580.72,581.17 1 0
github.com/ramayac/korego/pkg/diff/diff.go:581.17,583.4 1 0
github.com/ramayac/korego/pkg/diff/diff.go:584.3,584.16 1 0
github.com/ramayac/korego/pkg/diff/diff.go:584.16,586.4 1 0
github.com/ramayac/korego/pkg/diff/diff.go:587.3,589.13 3 0
github.com/ramayac/korego/pkg/diff/diff.go:591.2,591.72 1 0
github.com/ramayac/korego/pkg/diff/diff.go:591.72,592.17 1 0
github.com/ramayac/korego/pkg/diff/diff.go:592.17,594.4 1 0
github.com/ramayac/korego/pkg/diff/diff.go:595.3,595.16 1 0
github.com/ramayac/korego/pkg/diff/diff.go:595.16,597.4 1 0
github.com/ramayac/korego/pkg/diff/diff.go:598.3,600.13 3 0
github.com/ramayac/korego/pkg/diff/diff.go:604.2,605.24 2 0
github.com/ramayac/korego/pkg/diff/diff.go:605.24,607.3 1 0
github.com/ramayac/korego/pkg/diff/diff.go:608.2,608.24 1 0
github.com/ramayac/korego/pkg/diff/diff.go:608.24,610.3 1 0
github.com/ramayac/korego/pkg/diff/diff.go:611.2,612.26 2 0
github.com/ramayac/korego/pkg/diff/diff.go:612.26,614.3 1 0
github.com/ramayac/korego/pkg/diff/diff.go:615.2,618.29 3 0
github.com/ramayac/korego/pkg/diff/diff.go:618.29,624.18 3 0
github.com/ramayac/korego/pkg/diff/diff.go:624.18,626.45 2 0
github.com/ramayac/korego/pkg/diff/diff.go:626.45,627.17 1 0
github.com/ramayac/korego/pkg/diff/diff.go:627.17,629.23 2 0
github.com/ramayac/korego/pkg/diff/diff.go:629.23,631.7 1 0
github.com/ramayac/korego/pkg/diff/diff.go:632.6,632.14 1 0
github.com/ramayac/korego/pkg/diff/diff.go:633.11,636.14 3 0
github.com/ramayac/korego/pkg/diff/diff.go:640.3,640.18 1 0
github.com/ramayac/korego/pkg/diff/diff.go:640.18,642.45 2 0
github.com/ramayac/korego/pkg/diff/diff.go:642.45,643.17 1 0
github.com/ramayac/korego/pkg/diff/diff.go:643.17,645.23 2 0
github.com/ramayac/korego/pkg/diff/diff.go:645.23,647.7 1 0
github.com/ramayac/korego/pkg/diff/diff.go:648.6,648.14 1 0
github.com/ramayac/korego/pkg/diff/diff.go:649.11,652.14 3 0
github.com/ramayac/korego/pkg/diff/diff.go:657.3,657.17 1 0
github.com/ramayac/korego/pkg/diff/diff.go:657.17,662.45 3 0
github.com/ramayac/korego/pkg/diff/diff.go:662.45,664.22 2 0
github.com/ramayac/korego/pkg/diff/diff.go:664.22,666.6 1 0
github.com/ramayac/korego/pkg/diff/diff.go:667.5,667.13 1 0
github.com/ramayac/korego/pkg/diff/diff.go:669.4,669.45 1 0
github.com/ramayac/korego/pkg/diff/diff.go:669.45,671.22 2 0
github.com/ramayac/korego/pkg/diff/diff.go:671.22,673.6 1 0
github.com/ramayac/korego/pkg/diff/diff.go:674.5,674.13 1 0
github.com/ramayac/korego/pkg/diff/diff.go:676.4,679.27 4 0
github.com/ramayac/korego/pkg/diff/diff.go:679.27,680.15 1 0
github.com/ramayac/korego/pkg/diff/diff.go:680.15,685.30 5 0
github.com/ramayac/korego/pkg/diff/diff.go:685.30,687.26 2 0
github.com/ramayac/korego/pkg/diff/diff.go:687.26,689.8 1 0
github.com/ramayac/korego/pkg/diff/diff.go:689.13,689.33 1 0
github.com/ramayac/korego/pkg/diff/diff.go:689.33,691.8 1 0
github.com/ramayac/korego/pkg/diff/diff.go:692.7,693.26 2 0
github.com/ramayac/korego/pkg/diff/diff.go:693.26,695.8 1 0
github.com/ramayac/korego/pkg/diff/diff.go:695.13,695.33 1 0
github.com/ramayac/korego/pkg/diff/diff.go:695.33,697.8 1 0
github.com/ramayac/korego/pkg/diff/diff.go:698.7,699.33 2 0
github.com/ramayac/korego/pkg/diff/diff.go:699.33,702.22 3 0
github.com/ramayac/korego/pkg/diff/diff.go:702.22,705.35 3 0
github.com/ramayac/korego/pkg/diff/diff.go:705.35,707.10 1 0
github.com/ramayac/korego/pkg/diff/diff.go:707.15,707.42 1 0
github.com/ramayac/korego/pkg/diff/diff.go:707.42,709.10 1 0
github.com/ramayac/korego/pkg/diff/diff.go:715.9,715.25 1 0
github.com/ramayac/korego/pkg/diff/diff.go:715.25,716.16 1 0
github.com/ramayac/korego/pkg/diff/diff.go:716.16,720.28 3 0
github.com/ramayac/korego/pkg/diff/diff.go:720.28,721.16 1 0
github.com/ramayac/korego/pkg/diff/diff.go:721.16,723.7 1 0
github.com/ramayac/korego/pkg/diff/diff.go:724.6,727.30 4 0
github.com/ramayac/korego/pkg/diff/diff.go:727.30,729.26 2 0
github.com/ramayac/korego/pkg/diff/diff.go:729.26,731.8 1 0
github.com/ramayac/korego/pkg/diff/diff.go:731.13,731.33 1 0
github.com/ramayac/korego/pkg/diff/diff.go:731.33,733.8 1 0
github.com/ramayac/korego/pkg/diff/diff.go:734.7,735.26 2 0
github.com/ramayac/korego/pkg/diff/diff.go:735.26,737.8 1 0
github.com/ramayac/korego/pkg/diff/diff.go:737.13,737.33 1 0
github.com/ramayac/korego/pkg/diff/diff.go:737.33,739.8 1 0
github.com/ramayac/korego/pkg/diff/diff.go:740.7,741.33 2 0
github.com/ramayac/korego/pkg/diff/diff.go:741.33,744.22 3 0
github.com/ramayac/korego/pkg/diff/diff.go:744.22,747.35 3 0
github.com/ramayac/korego/pkg/diff/diff.go:747.35,749.10 1 0
github.com/ramayac/korego/pkg/diff/diff.go:749.15,749.42 1 0
github.com/ramayac/korego/pkg/diff/diff.go:749.42,751.10 1 0
github.com/ramayac/korego/pkg/diff/diff.go:756.10,759.5 2 0
github.com/ramayac/korego/pkg/diff/diff.go:760.9,760.25 1 0
github.com/ramayac/korego/pkg/diff/diff.go:760.25,761.16 1 0
github.com/ramayac/korego/pkg/diff/diff.go:761.16,765.28 3 0
github.com/ramayac/korego/pkg/diff/diff.go:765.28,766.16 1 0
github.com/ramayac/korego/pkg/diff/diff.go:766.16,768.7 1 0
github.com/ramayac/korego/pkg/diff/diff.go:769.6,772.30 4 0
github.com/ramayac/korego/pkg/diff/diff.go:772.30,774.26 2 0
github.com/ramayac/korego/pkg/diff/diff.go:774.26,776.8 1 0
github.com/ramayac/korego/pkg/diff/diff.go:776.13,776.33 1 0
github.com/ramayac/korego/pkg/diff/diff.go:776.33,778.8 1 0
github.com/ramayac/korego/pkg/diff/diff.go:779.7,780.26 2 0
github.com/ramayac/korego/pkg/diff/diff.go:780.26,782.8 1 0
github.com/ramayac/korego/pkg/diff/diff.go:782.13,782.33 1 0
github.com/ramayac/korego/pkg/diff/diff.go:782.33,784.8 1 0
github.com/ramayac/korego/pkg/diff/diff.go:785.7,786.33 2 0
github.com/ramayac/korego/pkg/diff/diff.go:786.33,789.22 3 0
github.com/ramayac/korego/pkg/diff/diff.go:789.22,792.35 3 0
github.com/ramayac/korego/pkg/diff/diff.go:792.35,794.10 1 0
github.com/ramayac/korego/pkg/diff/diff.go:794.15,794.42 1 0
github.com/ramayac/korego/pkg/diff/diff.go:794.42,796.10 1 0
github.com/ramayac/korego/pkg/diff/diff.go:801.10,804.5 2 0
github.com/ramayac/korego/pkg/diff/diff.go:807.2,807.17 1 0
github.com/ramayac/korego/pkg/diff/diff.go:810.13,816.2 1 1
github.com/ramayac/korego/pkg/ln/ln.go:29.44,31.16 2 1
github.com/ramayac/korego/pkg/ln/ln.go:31.16,34.3 2 0
github.com/ramayac/korego/pkg/ln/ln.go:35.2,35.31 1 1
github.com/ramayac/korego/pkg/ln/ln.go:35.31,38.3 2 1
github.com/ramayac/korego/pkg/ln/ln.go:39.2,46.11 6 1
github.com/ramayac/korego/pkg/ln/ln.go:46.11,48.3 1 1
github.com/ramayac/korego/pkg/ln/ln.go:50.2,51.14 2 1
github.com/ramayac/korego/pkg/ln/ln.go:51.14,53.3 1 1
github.com/ramayac/korego/pkg/ln/ln.go:53.8,55.3 1 1
github.com/ramayac/korego/pkg/ln/ln.go:56.2,56.20 1 1
github.com/ramayac/korego/pkg/ln/ln.go:56.20,60.3 3 0
github.com/ramayac/korego/pkg/ln/ln.go:62.2,67.52 3 1
github.com/ramayac/korego/pkg/ln/ln.go:67.53,67.54 0 1
github.com/ramayac/korego/pkg/ln/ln.go:68.2,68.10 1 1
github.com/ramayac/korego/pkg/ln/ln.go:71.13,73.2 1 1
github.com/ramayac/korego/pkg/mkdir/mkdir.go:29.78,31.25 2 1
github.com/ramayac/korego/pkg/mkdir/mkdir.go:31.25,33.14 2 1
github.com/ramayac/korego/pkg/mkdir/mkdir.go:33.14,35.4 1 1
github.com/ramayac/korego/pkg/mkdir/mkdir.go:35.9,37.4 1 1
github.com/ramayac/korego/pkg/mkdir/mkdir.go:38.3,38.17 1 1
github.com/ramayac/korego/pkg/mkdir/mkdir.go:38.17,40.4 1 1
github.com/ramayac/korego/pkg/mkdir/mkdir.go:41.3,41.31 1 1
github.com/ramayac/korego/pkg/mkdir/mkdir.go:43.2,43.43 1 1
github.com/ramayac/korego/pkg/mkdir/mkdir.go:46.44,48.16 2 0
github.com/ramayac/korego/pkg/mkdir/mkdir.go:48.16,51.3 2 0
github.com/ramayac/korego/pkg/mkdir/mkdir.go:52.2,55.40 4 0
github.com/ramayac/korego/pkg/mkdir/mkdir.go:55.40,57.17 2 0
github.com/ramayac/korego/pkg/mkdir/mkdir.go:57.17,60.4 2 0
github.com/ramayac/korego/pkg/mkdir/mkdir.go:61.3,61.24 1 0
github.com/ramayac/korego/pkg/mkdir/mkdir.go:63.2,63.32 1 0
github.com/ramayac/korego/pkg/mkdir/mkdir.go:63.32,66.3 2 0
github.com/ramayac/korego/pkg/mkdir/mkdir.go:67.2,68.16 2 0
github.com/ramayac/korego/pkg/mkdir/mkdir.go:68.16,72.3 3 0
github.com/ramayac/korego/pkg/mkdir/mkdir.go:73.2,73.55 1 0
github.com/ramayac/korego/pkg/mkdir/mkdir.go:73.56,73.57 0 0
github.com/ramayac/korego/pkg/mkdir/mkdir.go:74.2,74.10 1 0
github.com/ramayac/korego/pkg/mkdir/mkdir.go:77.13,79.2 1 1
github.com/ramayac/korego/pkg/printf/printf.go:29.50,36.22 5 1
github.com/ramayac/korego/pkg/printf/printf.go:36.22,37.23 1 1
github.com/ramayac/korego/pkg/printf/printf.go:37.23,38.26 1 1
github.com/ramayac/korego/pkg/printf/printf.go:38.26,40.10 2 0
github.com/ramayac/korego/pkg/printf/printf.go:42.4,45.24 2 1
github.com/ramayac/korego/pkg/printf/printf.go:45.24,48.13 3 1
github.com/ramayac/korego/pkg/printf/printf.go:52.4,53.74 2 1
github.com/ramayac/korego/pkg/printf/printf.go:53.74,56.5 2 1
github.com/ramayac/korego/pkg/printf/printf.go:59.4,59.64 1 1
github.com/ramayac/korego/pkg/printf/printf.go:59.64,62.5 2 1
github.com/ramayac/korego/pkg/printf/printf.go:65.4,65.43 1 1
github.com/ramayac/korego/pkg/printf/printf.go:65.43,68.65 3 1
github.com/ramayac/korego/pkg/printf/printf.go:68.65,71.6 2 1
github.com/ramayac/korego/pkg/printf/printf.go:75.4,75.24 1 1
github.com/ramayac/korego/pkg/printf/printf.go:75.24,77.10 2 0
github.com/ramayac/korego/pkg/printf/printf.go:79.4,84.21 4 1
github.com/ramayac/korego/pkg/printf/printf.go:84.21,87.5 2 1
github.com/ramayac/korego/pkg/printf/printf.go:89.4,89.16 1 1
github.com/ramayac/korego/pkg/printf/printf.go:90.13,91.50 1 1
github.com/ramayac/korego/pkg/printf/printf.go:92.18,94.48 2 1
github.com/ramayac/korego/pkg/printf/printf.go:95.13,97.48 2 1
github.com/ramayac/korego/pkg/printf/printf.go:98.13,100.48 2 1
github.com/ramayac/korego/pkg/printf/printf.go:101.13,103.48 2 1
github.com/ramayac/korego/pkg/printf/printf.go:104.13,106.48 2 1
github.com/ramayac/korego/pkg/printf/printf.go:107.13,109.48 2 1
github.com/ramayac/korego/pkg/printf/printf.go:110.13,112.48 2 0
github.com/ramayac/korego/pkg/printf/printf.go:113.13,114.21 1 1
github.com/ramayac/korego/pkg/printf/printf.go:114.21,116.6 1 1
github.com/ramayac/korego/pkg/printf/printf.go:117.12,118.43 1 0
github.com/ramayac/korego/pkg/printf/printf.go:120.9,123.4 2 1
github.com/ramayac/korego/pkg/printf/printf.go:131.2,131.21 1 1
github.com/ramayac/korego/pkg/printf/printf.go:135.38,138.17 3 1
github.com/ramayac/korego/pkg/printf/printf.go:138.17,139.35 1 1
github.com/ramayac/korego/pkg/printf/printf.go:139.35,141.16 2 1
github.com/ramayac/korego/pkg/printf/printf.go:142.13,143.24 1 1
github.com/ramayac/korego/pkg/printf/printf.go:144.13,145.24 1 1
github.com/ramayac/korego/pkg/printf/printf.go:146.13,147.24 1 1
github.com/ramayac/korego/pkg/printf/printf.go:148.14,149.24 1 1
github.com/ramayac/korego/pkg/printf/printf.go:150.13,151.24 1 1
github.com/ramayac/korego/pkg/printf/printf.go:152.13,153.24 1 1
github.com/ramayac/korego/pkg/printf/printf.go:154.13,155.24 1 1
github.com/ramayac/korego/pkg/printf/printf.go:156.13,157.24 1 1
github.com/ramayac/korego/pkg/printf/printf.go:158.13,161.69 2 1
github.com/ramayac/korego/pkg/printf/printf.go:161.69,163.6 1 1
github.com/ramayac/korego/pkg/printf/printf.go:164.5,164.18 1 1
github.com/ramayac/korego/pkg/printf/printf.go:164.18,166.20 2 1
github.com/ramayac/korego/pkg/printf/printf.go:166.20,169.15 3 1
github.com/ramayac/korego/pkg/printf/printf.go:173.5,173.21 1 1
github.com/ramayac/korego/pkg/printf/printf.go:174.12,177.24 2 0
github.com/ramayac/korego/pkg/printf/printf.go:179.4,179.7 1 1
github.com/ramayac/korego/pkg/printf/printf.go:180.9,183.4 2 1
github.com/ramayac/korego/pkg/printf/printf.go:185.2,185.21 1 1
github.com/ramayac/korego/pkg/printf/printf.go:188.44,190.16 2 1
github.com/ramayac/korego/pkg/printf/printf.go:190.16,193.3 2 0
github.com/ramayac/korego/pkg/printf/printf.go:195.2,198.24 3 1
github.com/ramayac/korego/pkg/printf/printf.go:198.24,200.16 2 1
github.com/ramayac/korego/pkg/printf/printf.go:200.16,202.4 1 1
github.com/ramayac/korego/pkg/printf/printf.go:203.3,203.11 1 1
github.com/ramayac/korego/pkg/printf/printf.go:206.2,211.78 4 1
github.com/ramayac/korego/pkg/printf/printf.go:211.78,213.3 1 1
github.com/ramayac/korego/pkg/printf/printf.go:214.2,214.10 1 1
github.com/ramayac/korego/pkg/printf/printf.go:217.13,223.2 1 1
github.com/ramayac/korego/pkg/id/id.go:28.44,30.16 2 1
github.com/ramayac/korego/pkg/id/id.go:30.16,33.3 2 0
github.com/ramayac/korego/pkg/id/id.go:35.2,36.16 2 1
github.com/ramayac/korego/pkg/id/id.go:36.16,39.3 2 0
github.com/ramayac/korego/pkg/id/id.go:41.2,46.14 5 1
github.com/ramayac/korego/pkg/id/id.go:46.14,48.3 1 1
github.com/ramayac/korego/pkg/id/id.go:50.2,62.50 4 1
github.com/ramayac/korego/pkg/id/id.go:62.50,64.20 2 1
github.com/ramayac/korego/pkg/id/id.go:64.20,66.28 2 1
github.com/ramayac/korego/pkg/id/id.go:66.28,68.56 2 1
github.com/ramayac/korego/pkg/id/id.go:68.56,70.6 1 1
github.com/ramayac/korego/pkg/id/id.go:71.5,71.14 1 1
github.com/ramayac/korego/pkg/id/id.go:71.14,73.6 1 1
github.com/ramayac/korego/pkg/id/id.go:74.5,74.39 1 1
github.com/ramayac/korego/pkg/id/id.go:77.3,77.20 1 1
github.com/ramayac/korego/pkg/id/id.go:80.2,80.10 1 1
github.com/ramayac/korego/pkg/id/id.go:83.13,85.2 1 1
github.com/ramayac/korego/pkg/daemon/daemon.go:23.44,25.16 2 0
github.com/ramayac/korego/pkg/daemon/daemon.go:25.16,28.3 2 0
github.com/ramayac/korego/pkg/daemon/daemon.go:30.2,31.34 2 0
github.com/ramayac/korego/pkg/daemon/daemon.go:31.34,33.3 1 0
github.com/ramayac/korego/pkg/daemon/daemon.go:35.2,36.34 2 0
github.com/ramayac/korego/pkg/daemon/daemon.go:36.34,37.53 1 0
github.com/ramayac/korego/pkg/daemon/daemon.go:37.53,39.4 1 0
github.com/ramayac/korego/pkg/daemon/daemon.go:42.2,44.68 2 0
github.com/ramayac/korego/pkg/daemon/daemon.go:44.68,47.3 2 0
github.com/ramayac/korego/pkg/daemon/daemon.go:49.2,49.10 1 0
github.com/ramayac/korego/pkg/daemon/daemon.go:52.13,54.2 1 1
github.com/ramayac/korego/pkg/ls/ls.go:63.86,64.49 1 1
github.com/ramayac/korego/pkg/ls/ls.go:64.49,66.3 1 1
github.com/ramayac/korego/pkg/ls/ls.go:67.2,67.22 1 0
github.com/ramayac/korego/pkg/ls/ls.go:70.35,72.16 2 1
github.com/ramayac/korego/pkg/ls/ls.go:72.16,74.3 1 0
github.com/ramayac/korego/pkg/ls/ls.go:75.2,75.19 1 1
github.com/ramayac/korego/pkg/ls/ls.go:78.35,80.16 2 1
github.com/ramayac/korego/pkg/ls/ls.go:80.16,82.3 1 0
github.com/ramayac/korego/pkg/ls/ls.go:83.2,83.15 1 1
github.com/ramayac/korego/pkg/ls/ls.go:86.60,101.37 3 1
github.com/ramayac/korego/pkg/ls/ls.go:101.37,102.51 1 0
github.com/ramayac/korego/pkg/ls/ls.go:102.51,104.4 1 0
github.com/ramayac/korego/pkg/ls/ls.go:106.2,106.11 1 1
github.com/ramayac/korego/pkg/ls/ls.go:110.32,112.14 2 1
github.com/ramayac/korego/pkg/ls/ls.go:112.14,114.3 1 1
github.com/ramayac/korego/pkg/ls/ls.go:115.2,116.42 2 1
github.com/ramayac/korego/pkg/ls/ls.go:116.42,119.3 2 1
github.com/ramayac/korego/pkg/ls/ls.go:120.2,120.70 1 1
github.com/ramayac/korego/pkg/ls/ls.go:124.82,125.21 1 1
github.com/ramayac/korego/pkg/ls/ls.go:125.21,127.3 1 0
github.com/ramayac/korego/pkg/ls/ls.go:129.2,130.26 2 1
github.com/ramayac/korego/pkg/ls/ls.go:130.26,132.17 2 1
github.com/ramayac/korego/pkg/ls/ls.go:132.17,134.4 1 1
github.com/ramayac/korego/pkg/ls/ls.go:136.3,136.20 1 1
github.com/ramayac/korego/pkg/ls/ls.go:136.20,143.12 3 1
github.com/ramayac/korego/pkg/ls/ls.go:146.3,147.17 2 1
github.com/ramayac/korego/pkg/ls/ls.go:147.17,149.4 1 0
github.com/ramayac/korego/pkg/ls/ls.go:151.3,153.14 2 1
github.com/ramayac/korego/pkg/ls/ls.go:153.14,154.44 1 1
github.com/ramayac/korego/pkg/ls/ls.go:154.44,156.19 2 1
github.com/ramayac/korego/pkg/ls/ls.go:156.19,160.6 3 1
github.com/ramayac/korego/pkg/ls/ls.go:164.3,164.29 1 1
github.com/ramayac/korego/pkg/ls/ls.go:164.29,166.62 2 1
github.com/ramayac/korego/pkg/ls/ls.go:166.62,167.13 1 1
github.com/ramayac/korego/pkg/ls/ls.go:169.4,171.18 3 1
github.com/ramayac/korego/pkg/ls/ls.go:171.18,172.13 1 0
github.com/ramayac/korego/pkg/ls/ls.go:174.4,174.56 1 1
github.com/ramayac/korego/pkg/ls/ls.go:176.3,178.16 2 1
github.com/ramayac/korego/pkg/ls/ls.go:178.16,179.30 1 0
github.com/ramayac/korego/pkg/ls/ls.go:179.30,180.57 1 0
github.com/ramayac/korego/pkg/ls/ls.go:180.57,182.20 2 0
github.com/ramayac/korego/pkg/ls/ls.go:182.20,184.7 1 0
github.com/ramayac/korego/pkg/ls/ls.go:189.2,189.21 1 1
github.com/ramayac/korego/pkg/ls/ls.go:192.75,193.40 1 1
github.com/ramayac/korego/pkg/ls/ls.go:193.40,195.10 2 1
github.com/ramayac/korego/pkg/ls/ls.go:196.15,197.51 1 0
github.com/ramayac/korego/pkg/ls/ls.go:198.15,199.40 1 0
github.com/ramayac/korego/pkg/ls/ls.go:200.11,201.74 1 1
github.com/ramayac/korego/pkg/ls/ls.go:203.3,203.14 1 1
github.com/ramayac/korego/pkg/ls/ls.go:203.14,205.4 1 1
github.com/ramayac/korego/pkg/ls/ls.go:206.3,206.14 1 1
github.com/ramayac/korego/pkg/ls/ls.go:208.2,208.14 1 1
github.com/ramayac/korego/pkg/ls/ls.go:211.72,213.15 2 0
github.com/ramayac/korego/pkg/ls/ls.go:213.15,215.3 1 0
github.com/ramayac/korego/pkg/ls/ls.go:216.2,216.16 1 0
github.com/ramayac/korego/pkg/ls/ls.go:216.16,218.3 1 0
github.com/ramayac/korego/pkg/ls/ls.go:219.2,220.19 2 0
github.com/ramayac/korego/pkg/ls/ls.go:220.19,222.3 1 0
github.com/ramayac/korego/pkg/ls/ls.go:223.2,224.21 2 0
github.com/ramayac/korego/pkg/ls/ls.go:224.21,226.3 1 0
github.com/ramayac/korego/pkg/ls/ls.go:227.2,229.52 1 0
github.com/ramayac/korego/pkg/ls/ls.go:232.44,234.16 2 0
github.com/ramayac/korego/pkg/ls/ls.go:234.16,237.3 2 0
github.com/ramayac/korego/pkg/ls/ls.go:238.2,253.16 15 0
github.com/ramayac/korego/pkg/ls/ls.go:253.16,257.3 3 0
github.com/ramayac/korego/pkg/ls/ls.go:259.2,259.14 1 0
github.com/ramayac/korego/pkg/ls/ls.go:259.14,261.24 1 0
github.com/ramayac/korego/pkg/ls/ls.go:261.24,262.54 1 0
github.com/ramayac/korego/pkg/ls/ls.go:262.55,262.56 0 0
github.com/ramayac/korego/pkg/ls/ls.go:263.9,264.51 1 0
github.com/ramayac/korego/pkg/ls/ls.go:264.52,264.53 0 0
github.com/ramayac/korego/pkg/ls/ls.go:266.3,266.11 1 0
github.com/ramayac/korego/pkg/ls/ls.go:269.2,270.30 2 0
github.com/ramayac/korego/pkg/ls/ls.go:270.30,272.16 2 0
github.com/ramayac/korego/pkg/ls/ls.go:272.16,274.4 1 0
github.com/ramayac/korego/pkg/ls/ls.go:275.3,275.28 1 0
github.com/ramayac/korego/pkg/ls/ls.go:275.28,276.11 1 0
github.com/ramayac/korego/pkg/ls/ls.go:277.17,278.56 1 0
github.com/ramayac/korego/pkg/ls/ls.go:279.16,280.25 1 0
github.com/ramayac/korego/pkg/ls/ls.go:281.12,282.18 1 0
github.com/ramayac/korego/pkg/ls/ls.go:282.18,284.6 1 0
github.com/ramayac/korego/pkg/ls/ls.go:285.5,285.30 1 0
github.com/ramayac/korego/pkg/ls/ls.go:288.3,288.26 1 0
github.com/ramayac/korego/pkg/ls/ls.go:288.26,290.4 1 0
github.com/ramayac/korego/pkg/ls/ls.go:291.3,291.16 1 0
github.com/ramayac/korego/pkg/ls/ls.go:291.16,293.4 1 0
github.com/ramayac/korego/pkg/ls/ls.go:295.2,295.10 1 0
github.com/ramayac/korego/pkg/ls/ls.go:298.13,304.2 1 1
github.com/ramayac/korego/pkg/md5sum/md5sum.go:38.44,40.41 2 1
github.com/ramayac/korego/pkg/md5sum/md5sum.go:40.41,42.3 1 0
github.com/ramayac/korego/pkg/md5sum/md5sum.go:43.2,43.44 1 1
github.com/ramayac/korego/pkg/md5sum/md5sum.go:46.44,48.16 2 1
github.com/ramayac/korego/pkg/md5sum/md5sum.go:48.16,51.3 2 0
github.com/ramayac/korego/pkg/md5sum/md5sum.go:53.2,56.15 3 1
github.com/ramayac/korego/pkg/md5sum/md5sum.go:56.15,58.3 1 1
github.com/ramayac/korego/pkg/md5sum/md5sum.go:60.2,60.62 1 1
github.com/ramayac/korego/pkg/md5sum/md5sum.go:63.80,67.34 3 1
github.com/ramayac/korego/pkg/md5sum/md5sum.go:67.34,68.22 1 0
github.com/ramayac/korego/pkg/md5sum/md5sum.go:68.22,70.4 1 0
github.com/ramayac/korego/pkg/md5sum/md5sum.go:73.2,73.29 1 1
github.com/ramayac/korego/pkg/md5sum/md5sum.go:73.29,76.18 3 1
github.com/ramayac/korego/pkg/md5sum/md5sum.go:76.18,79.4 2 0
github.com/ramayac/korego/pkg/md5sum/md5sum.go:79.9,81.18 2 1
github.com/ramayac/korego/pkg/md5sum/md5sum.go:81.18,84.13 3 1
github.com/ramayac/korego/pkg/md5sum/md5sum.go:86.4,88.15 3 1
github.com/ramayac/korego/pkg/md5sum/md5sum.go:91.3,92.17 2 1
github.com/ramayac/korego/pkg/md5sum/md5sum.go:92.17,95.12 3 0
github.com/ramayac/korego/pkg/md5sum/md5sum.go:97.3,97.82 1 1
github.com/ramayac/korego/pkg/md5sum/md5sum.go:100.2,100.57 1 1
github.com/ramayac/korego/pkg/md5sum/md5sum.go:100.57,101.29 1 1
github.com/ramayac/korego/pkg/md5sum/md5sum.go:101.29,103.4 1 1
github.com/ramayac/korego/pkg/md5sum/md5sum.go:106.2,106.17 1 1
github.com/ramayac/korego/pkg/md5sum/md5sum.go:109.65,110.21 1 1
github.com/ramayac/korego/pkg/md5sum/md5sum.go:110.21,112.16 2 0
github.com/ramayac/korego/pkg/md5sum/md5sum.go:112.16,114.4 1 0
github.com/ramayac/korego/pkg/md5sum/md5sum.go:115.3,115.11 1 0
github.com/ramayac/korego/pkg/md5sum/md5sum.go:118.2,121.37 3 1
github.com/ramayac/korego/pkg/md5sum/md5sum.go:121.37,123.17 2 1
github.com/ramayac/korego/pkg/md5sum/md5sum.go:123.17,126.12 3 0
github.com/ramayac/korego/pkg/md5sum/md5sum.go:128.3,132.22 4 1
github.com/ramayac/korego/pkg/md5sum/md5sum.go:132.22,134.50 2 1
github.com/ramayac/korego/pkg/md5sum/md5sum.go:134.50,135.13 1 0
github.com/ramayac/korego/pkg/md5sum/md5sum.go:137.4,140.23 3 1
github.com/ramayac/korego/pkg/md5sum/md5sum.go:140.23,142.24 2 0
github.com/ramayac/korego/pkg/md5sum/md5sum.go:142.24,145.14 3 0
github.com/ramayac/korego/pkg/md5sum/md5sum.go:147.5,147.47 1 0
github.com/ramayac/korego/pkg/md5sum/md5sum.go:150.4,154.18 4 1
github.com/ramayac/korego/pkg/md5sum/md5sum.go:154.18,158.13 4 0
github.com/ramayac/korego/pkg/md5sum/md5sum.go:161.4,163.18 3 1
github.com/ramayac/korego/pkg/md5sum/md5sum.go:163.18,167.13 4 0
github.com/ramayac/korego/pkg/md5sum/md5sum.go:170.4,170.34 1 1
github.com/ramayac/korego/pkg/md5sum/md5sum.go:170.34,172.5 1 1
github.com/ramayac/korego/pkg/md5sum/md5sum.go:172.10,175.5 2 1
github.com/ramayac/korego/pkg/md5sum/md5sum.go:177.3,177.16 1 1
github.com/ramayac/korego/pkg/md5sum/md5sum.go:177.16,180.4 2 0
github.com/ramayac/korego/pkg/md5sum/md5sum.go:183.2,183.57 1 1
github.com/ramayac/korego/pkg/md5sum/md5sum.go:183.57,184.29 1 1
github.com/ramayac/korego/pkg/md5sum/md5sum.go:184.29,186.4 1 1
github.com/ramayac/korego/pkg/md5sum/md5sum.go:189.2,189.17 1 1
github.com/ramayac/korego/pkg/md5sum/md5sum.go:192.13,198.2 1 1
github.com/ramayac/korego/pkg/cp/cp.go:54.119,60.20 4 1
github.com/ramayac/korego/pkg/cp/cp.go:60.20,62.3 1 1
github.com/ramayac/korego/pkg/cp/cp.go:62.8,64.3 1 1
github.com/ramayac/korego/pkg/cp/cp.go:65.2,65.16 1 1
github.com/ramayac/korego/pkg/cp/cp.go:65.16,67.3 1 0
github.com/ramayac/korego/pkg/cp/cp.go:69.2,69.16 1 1
github.com/ramayac/korego/pkg/cp/cp.go:69.16,70.17 1 1
github.com/ramayac/korego/pkg/cp/cp.go:70.17,72.4 1 1
github.com/ramayac/korego/pkg/cp/cp.go:73.3,73.51 1 1
github.com/ramayac/korego/pkg/cp/cp.go:77.2,78.70 2 1
github.com/ramayac/korego/pkg/cp/cp.go:78.70,80.17 2 1
github.com/ramayac/korego/pkg/cp/cp.go:80.17,82.4 1 0
github.com/ramayac/korego/pkg/cp/cp.go:84.3,85.47 2 1
github.com/ramayac/korego/pkg/cp/cp.go:85.47,87.4 1 0
github.com/ramayac/korego/pkg/cp/cp.go:88.3,89.13 2 1
github.com/ramayac/korego/pkg/cp/cp.go:93.2,93.64 1 1
github.com/ramayac/korego/pkg/cp/cp.go:93.64,95.3 1 0
github.com/ramayac/korego/pkg/cp/cp.go:96.2,97.12 2 1
github.com/ramayac/korego/pkg/cp/cp.go:100.76,102.16 2 1
github.com/ramayac/korego/pkg/cp/cp.go:102.16,104.3 1 0
github.com/ramayac/korego/pkg/cp/cp.go:105.2,108.16 3 1
github.com/ramayac/korego/pkg/cp/cp.go:108.16,110.3 1 0
github.com/ramayac/korego/pkg/cp/cp.go:111.2,113.44 2 1
github.com/ramayac/korego/pkg/cp/cp.go:113.44,115.3 1 0
github.com/ramayac/korego/pkg/cp/cp.go:117.2,117.14 1 1
github.com/ramayac/korego/pkg/cp/cp.go:117.14,118.69 1 0
github.com/ramayac/korego/pkg/cp/cp.go:118.69,120.4 1 0
github.com/ramayac/korego/pkg/cp/cp.go:122.2,122.12 1 1
github.com/ramayac/korego/pkg/cp/cp.go:125.88,127.16 2 1
github.com/ramayac/korego/pkg/cp/cp.go:127.16,129.3 1 0
github.com/ramayac/korego/pkg/cp/cp.go:130.2,130.52 1 1
github.com/ramayac/korego/pkg/cp/cp.go:130.52,132.3 1 0
[...]
github.com/ramayac/korego/internal/daemon/server.go:69.20,70.19 1 0
github.com/ramayac/korego/internal/daemon/server.go:96.73,108.20 3 0
github.com/ramayac/korego/internal/daemon/server.go:108.20,111.3 1 0
github.com/ramayac/korego/internal/daemon/server.go:113.2,113.10 1 0
github.com/ramayac/korego/internal/daemon/server.go:117.32,122.16 3 0
github.com/ramayac/korego/internal/daemon/server.go:122.16,124.3 1 0
github.com/ramayac/korego/internal/daemon/server.go:125.2,128.53 2 0
github.com/ramayac/korego/internal/daemon/server.go:128.53,131.3 2 0
github.com/ramayac/korego/internal/daemon/server.go:133.2,133.24 1 0
github.com/ramayac/korego/internal/daemon/server.go:133.24,134.45 1 0
github.com/ramayac/korego/internal/daemon/server.go:134.45,137.4 2 0
github.com/ramayac/korego/internal/daemon/server.go:140.2,141.12 2 0
github.com/ramayac/korego/internal/daemon/server.go:145.25,147.24 2 0
github.com/ramayac/korego/internal/daemon/server.go:147.24,149.3 1 0
github.com/ramayac/korego/internal/daemon/server.go:150.2,150.23 1 0
github.com/ramayac/korego/internal/daemon/server.go:150.23,152.3 1 0
github.com/ramayac/korego/internal/daemon/server.go:153.2,154.25 2 0
github.com/ramayac/korego/internal/daemon/server.go:157.31,158.6 1 0
github.com/ramayac/korego/internal/daemon/server.go:158.6,160.17 2 0
github.com/ramayac/korego/internal/daemon/server.go:160.17,161.46 1 0
github.com/ramayac/korego/internal/daemon/server.go:161.46,163.5 1 0
github.com/ramayac/korego/internal/daemon/server.go:165.4,165.11 1 0
github.com/ramayac/korego/internal/daemon/server.go:166.45,167.26 1 0
github.com/ramayac/korego/internal/daemon/server.go:167.26,169.6 1 0
github.com/ramayac/korego/internal/daemon/server.go:171.4,171.12 1 0
github.com/ramayac/korego/internal/daemon/server.go:174.3,177.23 3 0
github.com/ramayac/korego/internal/daemon/server.go:177.23,179.17 2 0
github.com/ramayac/korego/internal/daemon/server.go:179.17,179.32 1 0
github.com/ramayac/korego/internal/daemon/server.go:180.4,180.19 1 0
github.com/ramayac/korego/internal/daemon/server.go:185.44,193.6 5 0
github.com/ramayac/korego/internal/daemon/server.go:193.6,197.17 3 0
github.com/ramayac/korego/internal/daemon/server.go:197.17,198.21 1 0
github.com/ramayac/korego/internal/daemon/server.go:198.21,200.5 1 0
github.com/ramayac/korego/internal/daemon/server.go:201.4,201.10 1 0
github.com/ramayac/korego/internal/daemon/server.go:204.3,204.18 1 0
github.com/ramayac/korego/internal/daemon/server.go:204.18,207.12 3 0
github.com/ramayac/korego/internal/daemon/server.go:210.3,210.36 1 0
github.com/ramayac/korego/internal/daemon/server.go:210.36,213.53 2 0
github.com/ramayac/korego/internal/daemon/server.go:213.53,215.13 2 0
github.com/ramayac/korego/internal/daemon/server.go:218.4,218.22 1 0
github.com/ramayac/korego/internal/daemon/server.go:218.22,220.13 2 0
github.com/ramayac/korego/internal/daemon/server.go:223.4,223.29 1 0
github.com/ramayac/korego/internal/daemon/server.go:224.9,227.52 2 0
github.com/ramayac/korego/internal/daemon/server.go:227.52,229.13 2 0
github.com/ramayac/korego/internal/daemon/server.go:231.4,231.34 1 0
github.com/ramayac/korego/internal/daemon/server.go:236.61,240.27 3 0
github.com/ramayac/korego/internal/daemon/server.go:240.27,244.53 4 0
github.com/ramayac/korego/internal/daemon/server.go:244.53,247.18 3 0
github.com/ramayac/korego/internal/daemon/server.go:247.18,249.5 1 0
github.com/ramayac/korego/internal/daemon/server.go:251.3,251.17 1 0
github.com/ramayac/korego/internal/daemon/server.go:251.17,258.4 2 0
github.com/ramayac/korego/internal/daemon/server.go:260.2,264.30 3 0
github.com/ramayac/korego/internal/daemon/server.go:264.30,265.17 1 0
github.com/ramayac/korego/internal/daemon/server.go:265.17,267.4 1 0
github.com/ramayac/korego/internal/daemon/server.go:270.2,270.20 1 0
github.com/ramayac/korego/internal/daemon/server.go:270.20,273.3 2 0
github.com/ramayac/korego/internal/daemon/server.go:276.64,277.52 1 0
github.com/ramayac/korego/internal/daemon/server.go:277.52,279.17 2 0
github.com/ramayac/korego/internal/daemon/server.go:279.17,282.4 2 0
github.com/ramayac/korego/internal/daemon/server.go:284.2,284.33 1 0
github.com/ramayac/korego/internal/daemon/server.go:284.33,286.3 1 0
github.com/ramayac/korego/internal/daemon/server.go:289.82,296.2 2 0
github.com/ramayac/korego/internal/daemon/server.go:306.56,319.15 6 0
github.com/ramayac/korego/internal/daemon/server.go:319.15,323.26 4 0
github.com/ramayac/korego/internal/daemon/server.go:323.26,325.57 2 0
github.com/ramayac/korego/internal/daemon/server.go:325.57,327.5 1 0
github.com/ramayac/korego/internal/daemon/server.go:329.3,334.19 2 0
github.com/ramayac/korego/internal/daemon/server.go:334.19,336.4 1 0
github.com/ramayac/korego/internal/daemon/server.go:337.3,337.23 1 0
github.com/ramayac/korego/internal/daemon/server.go:337.23,339.4 1 0
github.com/ramayac/korego/internal/daemon/server.go:340.3,340.21 1 0
github.com/ramayac/korego/internal/daemon/server.go:340.21,342.4 1 0
github.com/ramayac/korego/internal/daemon/server.go:343.3,344.23 2 0
github.com/ramayac/korego/internal/daemon/server.go:344.23,346.4 1 0
github.com/ramayac/korego/internal/daemon/server.go:349.2,349.26 1 0
github.com/ramayac/korego/internal/daemon/server.go:349.26,351.20 2 0
github.com/ramayac/korego/internal/daemon/server.go:351.20,353.4 1 0
github.com/ramayac/korego/internal/daemon/server.go:354.3,354.13 1 0
github.com/ramayac/korego/internal/daemon/server.go:357.2,357.27 1 0
github.com/ramayac/korego/internal/daemon/server.go:357.27,359.20 2 0
github.com/ramayac/korego/internal/daemon/server.go:359.20,361.4 1 0
github.com/ramayac/korego/internal/daemon/server.go:362.3,362.13 1 0
github.com/ramayac/korego/internal/daemon/server.go:365.2,365.33 1 0
github.com/ramayac/korego/internal/daemon/server.go:365.33,366.20 1 0
github.com/ramayac/korego/internal/daemon/server.go:366.20,369.4 2 0
github.com/ramayac/korego/internal/daemon/server.go:370.3,381.4 1 0
github.com/ramayac/korego/internal/daemon/server.go:384.2,384.43 1 0
github.com/ramayac/korego/internal/daemon/server.go:384.43,386.20 2 0
github.com/ramayac/korego/internal/daemon/server.go:386.20,386.34 1 0
github.com/ramayac/korego/internal/daemon/server.go:387.3,388.58 2 0
github.com/ramayac/korego/internal/daemon/server.go:391.2,391.43 1 0
github.com/ramayac/korego/internal/daemon/server.go:391.43,393.20 2 0
github.com/ramayac/korego/internal/daemon/server.go:393.20,393.34 1 0
github.com/ramayac/korego/internal/daemon/server.go:394.3,398.56 2 0
github.com/ramayac/korego/internal/daemon/server.go:398.56,399.40 1 0
github.com/ramayac/korego/internal/daemon/server.go:399.40,401.5 1 0
github.com/ramayac/korego/internal/daemon/server.go:403.3,403.104 1 0
github.com/ramayac/korego/internal/daemon/server.go:406.2,406.41 1 0
github.com/ramayac/korego/internal/daemon/server.go:406.41,408.20 2 0
github.com/ramayac/korego/internal/daemon/server.go:408.20,408.34 1 0
github.com/ramayac/korego/internal/daemon/server.go:409.3,410.65 2 0
github.com/ramayac/korego/internal/daemon/server.go:413.2,413.44 1 0
github.com/ramayac/korego/internal/daemon/server.go:413.44,415.20 2 0
github.com/ramayac/korego/internal/daemon/server.go:415.20,415.34 1 0
github.com/ramayac/korego/internal/daemon/server.go:416.3,419.56 2 0
github.com/ramayac/korego/internal/daemon/server.go:419.56,420.33 1 0
github.com/ramayac/korego/internal/daemon/server.go:420.33,422.5 1 0
github.com/ramayac/korego/internal/daemon/server.go:424.3,424.104 1 0
github.com/ramayac/korego/internal/daemon/server.go:427.2,427.39 1 0
github.com/ramayac/korego/internal/daemon/server.go:427.39,429.20 2 0
github.com/ramayac/korego/internal/daemon/server.go:429.20,429.34 1 0
github.com/ramayac/korego/internal/daemon/server.go:430.3,434.56 2 0
github.com/ramayac/korego/internal/daemon/server.go:434.56,437.25 3 0
github.com/ramayac/korego/internal/daemon/server.go:437.25,438.49 1 0
github.com/ramayac/korego/internal/daemon/server.go:438.49,441.6 2 0
github.com/ramayac/korego/internal/daemon/server.go:443.4,444.61 2 0
github.com/ramayac/korego/internal/daemon/server.go:446.3,446.103 1 0
github.com/ramayac/korego/internal/daemon/server.go:449.2,449.47 1 0
github.com/ramayac/korego/internal/daemon/server.go:449.47,450.20 1 0
github.com/ramayac/korego/internal/daemon/server.go:450.20,452.4 1 0
github.com/ramayac/korego/internal/daemon/server.go:453.3,453.13 1 0
github.com/ramayac/korego/internal/daemon/server.go:456.2,459.9 4 0
github.com/ramayac/korego/internal/daemon/server.go:459.9,460.20 1 0
github.com/ramayac/korego/internal/daemon/server.go:460.20,462.4 1 0
github.com/ramayac/korego/internal/daemon/server.go:463.3,463.13 1 0
github.com/ramayac/korego/internal/daemon/server.go:467.2,470.25 3 0
github.com/ramayac/korego/internal/daemon/server.go:470.25,474.56 3 0
github.com/ramayac/korego/internal/daemon/server.go:474.56,475.25 1 0
github.com/ramayac/korego/internal/daemon/server.go:475.25,477.5 1 0
github.com/ramayac/korego/internal/daemon/server.go:479.4,479.20 1 0
github.com/ramayac/korego/internal/daemon/server.go:479.20,481.44 2 0
github.com/ramayac/korego/internal/daemon/server.go:481.44,483.6 1 0
github.com/ramayac/korego/internal/daemon/server.go:484.5,485.19 2 0
github.com/ramayac/korego/internal/daemon/server.go:485.19,487.23 2 0
github.com/ramayac/korego/internal/daemon/server.go:487.23,489.7 1 0
github.com/ramayac/korego/internal/daemon/server.go:490.6,490.16 1 0
github.com/ramayac/korego/internal/daemon/server.go:492.5,492.24 1 0
github.com/ramayac/korego/internal/daemon/server.go:495.4,496.41 2 0
github.com/ramayac/korego/internal/daemon/server.go:496.41,498.5 1 0
github.com/ramayac/korego/internal/daemon/server.go:499.4,499.20 1 0
github.com/ramayac/korego/internal/daemon/server.go:499.20,501.5 1 0
github.com/ramayac/korego/internal/daemon/server.go:502.9,502.68 1 0
github.com/ramayac/korego/internal/daemon/server.go:502.69,503.4 0 0
github.com/ramayac/korego/internal/daemon/server.go:506.2,522.58 7 0
github.com/ramayac/korego/internal/daemon/server.go:522.58,524.20 1 0
github.com/ramayac/korego/internal/daemon/server.go:524.20,526.21 2 0
github.com/ramayac/korego/internal/daemon/server.go:526.21,528.5 1 0
github.com/ramayac/korego/internal/daemon/server.go:529.4,536.5 1 0
github.com/ramayac/korego/internal/daemon/server.go:538.3,538.13 1 0
github.com/ramayac/korego/internal/daemon/server.go:541.2,541.19 1 0
github.com/ramayac/korego/internal/daemon/server.go:541.19,543.3 1 0
github.com/ramayac/korego/internal/daemon/server.go:546.2,546.22 1 0
github.com/ramayac/korego/internal/daemon/server.go:546.22,560.3 2 0
github.com/ramayac/korego/internal/daemon/server.go:562.2,569.3 1 0
github.com/ramayac/korego/internal/daemon/server.go:573.71,579.38 4 0
github.com/ramayac/korego/internal/daemon/server.go:579.38,580.13 1 0
github.com/ramayac/korego/internal/daemon/server.go:580.13,582.69 2 0
github.com/ramayac/korego/internal/daemon/server.go:582.69,584.5 1 0
github.com/ramayac/korego/internal/daemon/server.go:588.2,589.39 2 0
github.com/ramayac/korego/internal/daemon/server.go:589.39,592.3 2 0
github.com/ramayac/korego/internal/daemon/server.go:595.2,596.42 2 0
github.com/ramayac/korego/internal/daemon/server.go:596.42,598.3 1 0
github.com/ramayac/korego/internal/daemon/server.go:599.2,608.12 7 0
github.com/ramayac/korego/internal/daemon/session.go:23.59,30.2 3 0
github.com/ramayac/korego/internal/daemon/session.go:32.45,48.2 8 0
github.com/ramayac/korego/internal/daemon/session.go:50.59,55.8 4 0
github.com/ramayac/korego/internal/daemon/session.go:55.8,57.3 1 0
github.com/ramayac/korego/internal/daemon/session.go:58.2,58.14 1 0
github.com/ramayac/korego/internal/daemon/session.go:61.63,66.8 4 0
github.com/ramayac/korego/internal/daemon/session.go:66.8,69.3 2 0
github.com/ramayac/korego/internal/daemon/session.go:70.2,70.11 1 0
github.com/ramayac/korego/internal/daemon/session.go:73.51,78.8 4 0
github.com/ramayac/korego/internal/daemon/session.go:78.8,80.3 1 0
github.com/ramayac/korego/internal/daemon/session.go:81.2,81.11 1 0
github.com/ramayac/korego/internal/daemon/session.go:84.45,89.32 4 0
github.com/ramayac/korego/internal/daemon/session.go:89.32,91.3 1 0
github.com/ramayac/korego/internal/daemon/session.go:92.2,92.13 1 0
github.com/ramayac/korego/internal/daemon/session.go:95.41,96.6 1 0
github.com/ramayac/korego/internal/daemon/session.go:96.6,100.34 4 0
github.com/ramayac/korego/internal/daemon/session.go:100.34,101.38 1 0
github.com/ramayac/korego/internal/daemon/session.go:101.38,103.5 1 0
github.com/ramayac/korego/internal/daemon/session.go:105.3,105.17 1 0
github.com/ramayac/korego/internal/shell/interpreter.go:24.72,33.16 6 1
github.com/ramayac/korego/internal/shell/interpreter.go:33.16,35.3 1 0
github.com/ramayac/korego/internal/shell/interpreter.go:37.2,37.64 1 1
github.com/ramayac/korego/internal/shell/interpreter.go:37.64,38.21 1 1
github.com/ramayac/korego/internal/shell/interpreter.go:38.21,40.4 1 0
github.com/ramayac/korego/internal/shell/interpreter.go:41.3,43.10 3 1
github.com/ramayac/korego/internal/shell/interpreter.go:43.10,45.4 1 1
github.com/ramayac/korego/internal/shell/interpreter.go:47.3,49.20 3 0
github.com/ramayac/korego/internal/shell/interpreter.go:49.20,51.4 1 0
github.com/ramayac/korego/internal/shell/interpreter.go:52.3,52.13 1 0
github.com/ramayac/korego/internal/shell/interpreter.go:55.2,55.112 1 1
github.com/ramayac/korego/internal/shell/interpreter.go:55.112,57.16 2 1
github.com/ramayac/korego/internal/shell/interpreter.go:57.16,59.4 1 1
github.com/ramayac/korego/internal/shell/interpreter.go:60.3,61.17 2 1
github.com/ramayac/korego/internal/shell/interpreter.go:61.17,63.4 1 1
github.com/ramayac/korego/internal/shell/interpreter.go:64.3,64.66 1 0
github.com/ramayac/korego/internal/shell/interpreter.go:67.2,73.15 2 1
github.com/ramayac/korego/internal/shell/interpreter.go:73.15,75.3 1 1
github.com/ramayac/korego/internal/shell/interpreter.go:77.2,77.16 1 1
github.com/ramayac/korego/internal/shell/interpreter.go:77.16,79.25 2 1
github.com/ramayac/korego/internal/shell/interpreter.go:79.25,81.4 1 1
github.com/ramayac/korego/internal/shell/interpreter.go:82.3,82.66 1 1
github.com/ramayac/korego/internal/shell/interpreter.go:85.2,86.16 2 1
github.com/ramayac/korego/internal/shell/interpreter.go:86.16,88.3 1 0
github.com/ramayac/korego/internal/shell/interpreter.go:90.2,91.53 2 1
github.com/ramayac/korego/internal/shell/interpreter.go:91.53,92.50 1 1
github.com/ramayac/korego/internal/shell/interpreter.go:92.50,94.4 1 1
github.com/ramayac/korego/internal/shell/interpreter.go:96.2,102.16 5 1
github.com/ramayac/korego/internal/shell/interpreter.go:102.16,103.47 1 1
github.com/ramayac/korego/internal/shell/interpreter.go:103.47,105.4 1 1
github.com/ramayac/korego/internal/shell/interpreter.go:105.9,108.4 2 1
github.com/ramayac/korego/internal/shell/interpreter.go:111.2,115.3 1 1
github.com/ramayac/korego/pkg/cut/cut.go:46.50,49.26 3 1
github.com/ramayac/korego/pkg/cut/cut.go:49.26,50.31 1 1
github.com/ramayac/korego/pkg/cut/cut.go:50.31,53.19 3 1
github.com/ramayac/korego/pkg/cut/cut.go:53.19,55.28 2 1
github.com/ramayac/korego/pkg/cut/cut.go:55.28,57.6 1 0
github.com/ramayac/korego/pkg/cut/cut.go:58.5,58.14 1 1
github.com/ramayac/korego/pkg/cut/cut.go:60.4,61.19 2 1
github.com/ramayac/korego/pkg/cut/cut.go:61.19,64.28 2 1
github.com/ramayac/korego/pkg/cut/cut.go:64.28,66.6 1 0
github.com/ramayac/korego/pkg/cut/cut.go:67.5,67.12 1 1
github.com/ramayac/korego/pkg/cut/cut.go:69.4,69.48 1 1
github.com/ramayac/korego/pkg/cut/cut.go:70.9,72.27 2 1
github.com/ramayac/korego/pkg/cut/cut.go:72.27,74.5 1 1
github.com/ramayac/korego/pkg/cut/cut.go:75.4,75.42 1 1
github.com/ramayac/korego/pkg/cut/cut.go:78.2,78.19 1 1
github.com/ramayac/korego/pkg/cut/cut.go:81.47,82.26 1 1
github.com/ramayac/korego/pkg/cut/cut.go:82.26,83.37 1 1
github.com/ramayac/korego/pkg/cut/cut.go:83.37,85.4 1 1
github.com/ramayac/korego/pkg/cut/cut.go:87.2,87.14 1 1
github.com/ramayac/korego/pkg/cut/cut.go:90.136,95.21 4 1
github.com/ramayac/korego/pkg/cut/cut.go:95.21,97.3 1 1
github.com/ramayac/korego/pkg/cut/cut.go:99.2,99.22 1 1
github.com/ramayac/korego/pkg/cut/cut.go:99.22,101.3 1 1
github.com/ramayac/korego/pkg/cut/cut.go:103.2,105.18 3 1
github.com/ramayac/korego/pkg/cut/cut.go:105.18,106.52 1 1
github.com/ramayac/korego/pkg/cut/cut.go:106.52,108.4 1 0
github.com/ramayac/korego/pkg/cut/cut.go:110.2,111.17 2 1
github.com/ramayac/korego/pkg/cut/cut.go:111.17,112.50 1 1
github.com/ramayac/korego/pkg/cut/cut.go:112.50,114.4 1 0
github.com/ramayac/korego/pkg/cut/cut.go:116.2,117.21 2 1
github.com/ramayac/korego/pkg/cut/cut.go:117.21,118.54 1 1
github.com/ramayac/korego/pkg/cut/cut.go:118.54,120.4 1 0
github.com/ramayac/korego/pkg/cut/cut.go:123.2,123.21 1 1
github.com/ramayac/korego/pkg/cut/cut.go:123.21,127.19 3 1
github.com/ramayac/korego/pkg/cut/cut.go:127.19,129.24 2 1
github.com/ramayac/korego/pkg/cut/cut.go:129.24,131.5 1 1
github.com/ramayac/korego/pkg/cut/cut.go:131.10,133.5 1 1
github.com/ramayac/korego/pkg/cut/cut.go:136.4,137.17 2 1
github.com/ramayac/korego/pkg/cut/cut.go:137.17,138.38 1 1
github.com/ramayac/korego/pkg/cut/cut.go:138.38,141.6 1 0
github.com/ramayac/korego/pkg/cut/cut.go:141.11,141.26 1 1
github.com/ramayac/korego/pkg/cut/cut.go:141.26,144.6 1 0
github.com/ramayac/korego/pkg/cut/cut.go:144.11,145.14 1 1
github.com/ramayac/korego/pkg/cut/cut.go:147.10,150.25 3 1
github.com/ramayac/korego/pkg/cut/cut.go:150.25,152.6 1 1
github.com/ramayac/korego/pkg/cut/cut.go:154.5,154.35 1 1
github.com/ramayac/korego/pkg/cut/cut.go:154.35,155.65 1 1
github.com/ramayac/korego/pkg/cut/cut.go:155.65,156.35 1 1
github.com/ramayac/korego/pkg/cut/cut.go:156.35,158.8 1 1
github.com/ramayac/korego/pkg/cut/cut.go:161.5,161.63 1 1
github.com/ramayac/korego/pkg/cut/cut.go:163.9,163.25 1 1
github.com/ramayac/korego/pkg/cut/cut.go:163.25,166.28 3 1
github.com/ramayac/korego/pkg/cut/cut.go:166.28,167.30 1 1
github.com/ramayac/korego/pkg/cut/cut.go:167.30,169.6 1 1
github.com/ramayac/korego/pkg/cut/cut.go:171.4,171.46 1 1
github.com/ramayac/korego/pkg/cut/cut.go:172.9,172.29 1 1
github.com/ramayac/korego/pkg/cut/cut.go:172.29,174.35 2 1
github.com/ramayac/korego/pkg/cut/cut.go:174.35,175.30 1 1
github.com/ramayac/korego/pkg/cut/cut.go:175.30,177.6 1 1
github.com/ramayac/korego/pkg/cut/cut.go:179.4,179.46 1 1
github.com/ramayac/korego/pkg/cut/cut.go:182.3,182.52 1 1
github.com/ramayac/korego/pkg/cut/cut.go:185.2,185.29 1 1
github.com/ramayac/korego/pkg/cut/cut.go:188.44,190.16 2 0
github.com/ramayac/korego/pkg/cut/cut.go:190.16,193.3 2 0
github.com/ramayac/korego/pkg/cut/cut.go:194.2,204.67 9 0
github.com/ramayac/korego/pkg/cut/cut.go:204.67,207.3 2 0
github.com/ramayac/korego/pkg/cut/cut.go:209.2,209.52 1 0
github.com/ramayac/korego/pkg/cut/cut.go:209.52,212.3 2 0
github.com/ramayac/korego/pkg/cut/cut.go:214.2,215.32 2 0
github.com/ramayac/korego/pkg/cut/cut.go:215.32,217.3 1 0
github.com/ramayac/korego/pkg/cut/cut.go:217.8,218.41 1 0
github.com/ramayac/korego/pkg/cut/cut.go:218.41,219.19 1 0
github.com/ramayac/korego/pkg/cut/cut.go:219.19,221.5 1 0
github.com/ramayac/korego/pkg/cut/cut.go:221.10,223.19 2 0
github.com/ramayac/korego/pkg/cut/cut.go:223.19,226.6 2 0
github.com/ramayac/korego/pkg/cut/cut.go:227.5,228.33 2 0
github.com/ramayac/korego/pkg/cut/cut.go:233.2,234.28 2 0
github.com/ramayac/korego/pkg/cut/cut.go:234.28,236.17 2 0
github.com/ramayac/korego/pkg/cut/cut.go:236.17,239.4 2 0
github.com/ramayac/korego/pkg/cut/cut.go:240.3,240.40 1 0
github.com/ramayac/korego/pkg/cut/cut.go:243.2,243.14 1 0
github.com/ramayac/korego/pkg/cut/cut.go:243.14,244.70 1 0
github.com/ramayac/korego/pkg/cut/cut.go:244.71,244.72 0 0
github.com/ramayac/korego/pkg/cut/cut.go:245.8,246.33 1 0
github.com/ramayac/korego/pkg/cut/cut.go:246.33,247.28 1 0
github.com/ramayac/korego/pkg/cut/cut.go:247.28,249.5 1 0
github.com/ramayac/korego/pkg/cut/cut.go:253.2,253.10 1 0
github.com/ramayac/korego/pkg/cut/cut.go:256.13,258.2 1 1
